INFO:Pixelcade Listener (pixelweb) Version 2.7.7
INFO:PIXEL resolution found in settings.ini: resolution=128x32
INFO:Pixelcade HOME DIRECTORY: /home/pi/pixelcade/
INFO:Scrolling text handler received a request: /text?t=Using%20your%20phone%20or%20computer,%20connect%20to%20the%20%22Pixelcade%20Setup%22%20WiFi%20and%20then%20navigate%20to%20http%20:%20//%2010%20.%200%20.%200%20.%201%20%20from%20your%20device%20web%20browser%20.%20%20Then%20select%20your%20normal%20WiFi%20network%20and%20password%20.&size=32&loop=10&color=cyan&font=Tall%20Films%20Fine&yoffset=-2
INFO:The default port has not been changed, all ports will be scanned to detect your PIXEL board
To save time, edit settings.ini in the same directory as this jar or .exe and specify the port
and connect to PIXEL over each one.
Examples: port=COM7 for Windows, port=/dev/tty.usbmodemFA131 for Mac, and port=/dev/ACM0 for Raspberry Pi
INFO:ioio.SerialPorts not defined.
Will attempt to enumerate all possible ports (slow) and connect to PIXEL over each one.
To fix, add the -Dioio.SerialPorts=xyz argument to the java command line, where xyz is a colon-separated list of port identifiers, e.g. COM1:COM2. for Windows or /dev/tty.usbmodem1411 on Mac OSX
INFO:scrolling text: Using your phone or computer, connect to the "Pixelcade Setup" WiFi and then navigate to http : // 10 . 0 . 0 . 1  from your device web browser .  Then select your normal WiFi network and password .
INFO:text color: cyan
INFO:# times to loop: 10
INFO:Adding serial port ttyACM0
INFO:Adding serial port ttyAMA0
INFO:Scrolling text handler received a request: /text?t=Address:%20http://pixelcade.local%20or%20http://192.168.1.106&c=green&size=24
INFO:scrolling text: Address: http://pixelcade.local or http://192.168.1.106
INFO:text color: green
INFO:# times to loop: null
INFO:Processing Startup Queue Items...
INFO:Found PIXEL: ioio.lib.impl.RgbLedMatrixImpl@861e37
You may now interact with PIXEL!
LED matrix type is: 15
PIXEL Status: Connected
INFO:Scrolling text handler received a request: /text?t=Pixelcade
INFO:scrolling text: Pixelcade
INFO:# times to loop: null
INFO:Scrolling text handler received a request: /text?t=Pixelcade
INFO:scrolling text: Pixelcade
INFO:# times to loop: null
INFO:Scrolling text handler received a request: /text?t=Pixelcade
INFO:scrolling text: Pixelcade
INFO:# times to loop: null
INFO:Scrolling text handler received a request: /text?t=Pixelcade
INFO:scrolling text: Pixelcade
INFO:# times to loop: null
INFO:Scrolling text handler received a request: /text?t=Pixelcade
INFO:scrolling text: Pixelcade
INFO:# times to loop: null
INFO:Scrolling text handler received a request: /text?t=Pixelcade
INFO:scrolling text: Pixelcade
INFO:# times to loop: null
INFO:Scrolling text handler received a request: /text?t=Pixelcade
INFO:scrolling text: Pixelcade
INFO:# times to loop: null
INFO:Scrolling text handler received a request: /text?t=Pixelcade
INFO:scrolling text: Pixelcade
INFO:# times to loop: null
INFO:loading new classpath URL for still: images/pacman.png
INFO:URL for still loaded
INFO:PNG image found: file:/home/pi/pixelcade/images/pacman.png
INFO:loading new classpath URL for still: images/005.png
INFO:URL for still loaded
INFO:PNG image found: file:/home/pi/pixelcade/images/005.png
INFO:loading new classpath URL for still: images/1943.png
INFO:URL for still loaded
INFO:PNG image found: file:/home/pi/pixelcade/images/1943.png
INFO:animation handler is writing animations/animations
INFO:animation handler received: animations/animations
SEVERE:** ERROR ** URL format incorect, use http://localhost:8080/animations/<stream or write>/<animation name
SEVERE:Example: http://localhost:8080/animations/stream/0fire.gif
INFO:animation handler is writing /animations/stream/0arcade-legendsr2.png
INFO:animation handler received: /animations/stream/0arcade-legendsr2.png
INFO:STREAM MODE
INFO:Animation Name: 0arcade-legendsr2
INFO:# of Times to Loop: null
INFO:Animation Handler sending GIF: 0arcade-legendsr2.gif
INFO:Found GIF: /home/pi/pixelcade/animations/gifsource/0arcade-legendsr2.gif
INFO:Decoding /home/pi/pixelcade/animations/gifsource/0arcade-legendsr2.gif
INFO:PNG image found: file:/home/pi/pixelcade/system/wait.png
INFO:Arcade file name: 0arcade-legendsr2.gif
INFO:Arcade file name path: /home/pi/pixelcade/animations/gifsource/0arcade-legendsr2.gif
INFO:frame count: 238
INFO:frame delay: 100
INFO:frame height: 32
INFO:frame width: 128
INFO:Encoding 0arcade-legendsr2.gif frame 0
INFO:Encoding 0arcade-legendsr2.gif frame 0
INFO:Encoding 0arcade-legendsr2.gif frame 0
INFO:Encoding 0arcade-legendsr2.gif frame 0
INFO:Encoding 0arcade-legendsr2.gif frame 0
INFO:Encoding 0arcade-legendsr2.gif frame 0
INFO:Encoding 0arcade-legendsr2.gif frame 0
INFO:Encoding 0arcade-legendsr2.gif frame 0
INFO:Encoding 0arcade-legendsr2.gif frame 1
INFO:Encoding 0arcade-legendsr2.gif frame 1
INFO:Encoding 0arcade-legendsr2.gif frame 1
INFO:Encoding 0arcade-legendsr2.gif frame 1
INFO:Encoding 0arcade-legendsr2.gif frame 1
INFO:Encoding 0arcade-legendsr2.gif frame 1
INFO:Encoding 0arcade-legendsr2.gif frame 1
INFO:Encoding 0arcade-legendsr2.gif frame 1
INFO:Encoding 0arcade-legendsr2.gif frame 2
INFO:Encoding 0arcade-legendsr2.gif frame 2
INFO:Encoding 0arcade-legendsr2.gif frame 2
INFO:Encoding 0arcade-legendsr2.gif frame 2
INFO:Encoding 0arcade-legendsr2.gif frame 2
INFO:Encoding 0arcade-legendsr2.gif frame 2
INFO:Encoding 0arcade-legendsr2.gif frame 2
INFO:Encoding 0arcade-legendsr2.gif frame 2
INFO:Encoding 0arcade-legendsr2.gif frame 3
INFO:Encoding 0arcade-legendsr2.gif frame 3
INFO:Encoding 0arcade-legendsr2.gif frame 3
INFO:Encoding 0arcade-legendsr2.gif frame 3
INFO:Encoding 0arcade-legendsr2.gif frame 3
INFO:Encoding 0arcade-legendsr2.gif frame 3
INFO:Encoding 0arcade-legendsr2.gif frame 3
INFO:Encoding 0arcade-legendsr2.gif frame 3
INFO:Encoding 0arcade-legendsr2.gif frame 4
INFO:Encoding 0arcade-legendsr2.gif frame 4
INFO:Encoding 0arcade-legendsr2.gif frame 4
INFO:Encoding 0arcade-legendsr2.gif frame 4
INFO:Encoding 0arcade-legendsr2.gif frame 4
INFO:Encoding 0arcade-legendsr2.gif frame 4
INFO:Encoding 0arcade-legendsr2.gif frame 4
INFO:Encoding 0arcade-legendsr2.gif frame 4
INFO:Encoding 0arcade-legendsr2.gif frame 5
INFO:Encoding 0arcade-legendsr2.gif frame 5
INFO:Encoding 0arcade-legendsr2.gif frame 5
INFO:Encoding 0arcade-legendsr2.gif frame 5
INFO:Encoding 0arcade-legendsr2.gif frame 5
INFO:Encoding 0arcade-legendsr2.gif frame 5
INFO:Encoding 0arcade-legendsr2.gif frame 5
INFO:Encoding 0arcade-legendsr2.gif frame 5
INFO:Encoding 0arcade-legendsr2.gif frame 6
INFO:Encoding 0arcade-legendsr2.gif frame 6
INFO:Encoding 0arcade-legendsr2.gif frame 6
INFO:Encoding 0arcade-legendsr2.gif frame 6
INFO:Encoding 0arcade-legendsr2.gif frame 6
INFO:Encoding 0arcade-legendsr2.gif frame 6
INFO:Encoding 0arcade-legendsr2.gif frame 6
INFO:Encoding 0arcade-legendsr2.gif frame 6
INFO:Encoding 0arcade-legendsr2.gif frame 7
INFO:Encoding 0arcade-legendsr2.gif frame 7
INFO:Encoding 0arcade-legendsr2.gif frame 7
INFO:Encoding 0arcade-legendsr2.gif frame 7
INFO:Encoding 0arcade-legendsr2.gif frame 7
INFO:Encoding 0arcade-legendsr2.gif frame 7
INFO:Encoding 0arcade-legendsr2.gif frame 7
INFO:Encoding 0arcade-legendsr2.gif frame 7
INFO:Encoding 0arcade-legendsr2.gif frame 8
INFO:Encoding 0arcade-legendsr2.gif frame 8
INFO:Encoding 0arcade-legendsr2.gif frame 8
INFO:Encoding 0arcade-legendsr2.gif frame 8
INFO:Encoding 0arcade-legendsr2.gif frame 8
INFO:Encoding 0arcade-legendsr2.gif frame 8
INFO:Encoding 0arcade-legendsr2.gif frame 8
INFO:Encoding 0arcade-legendsr2.gif frame 8
INFO:Encoding 0arcade-legendsr2.gif frame 9
INFO:Encoding 0arcade-legendsr2.gif frame 9
INFO:Encoding 0arcade-legendsr2.gif frame 9
INFO:Encoding 0arcade-legendsr2.gif frame 9
INFO:Encoding 0arcade-legendsr2.gif frame 9
INFO:Encoding 0arcade-legendsr2.gif frame 9
INFO:Encoding 0arcade-legendsr2.gif frame 9
INFO:Encoding 0arcade-legendsr2.gif frame 9
INFO:Encoding 0arcade-legendsr2.gif frame 10
INFO:Encoding 0arcade-legendsr2.gif frame 10
INFO:Encoding 0arcade-legendsr2.gif frame 10
INFO:Encoding 0arcade-legendsr2.gif frame 10
INFO:Encoding 0arcade-legendsr2.gif frame 10
INFO:Encoding 0arcade-legendsr2.gif frame 10
INFO:Encoding 0arcade-legendsr2.gif frame 10
INFO:Encoding 0arcade-legendsr2.gif frame 10
INFO:Encoding 0arcade-legendsr2.gif frame 11
INFO:Encoding 0arcade-legendsr2.gif frame 11
INFO:Encoding 0arcade-legendsr2.gif frame 11
INFO:Encoding 0arcade-legendsr2.gif frame 11
INFO:Encoding 0arcade-legendsr2.gif frame 11
INFO:Encoding 0arcade-legendsr2.gif frame 11
INFO:Encoding 0arcade-legendsr2.gif frame 11
INFO:Encoding 0arcade-legendsr2.gif frame 11
INFO:Encoding 0arcade-legendsr2.gif frame 12
INFO:Encoding 0arcade-legendsr2.gif frame 12
INFO:Encoding 0arcade-legendsr2.gif frame 12
INFO:Encoding 0arcade-legendsr2.gif frame 12
INFO:Encoding 0arcade-legendsr2.gif frame 12
INFO:Encoding 0arcade-legendsr2.gif frame 12
INFO:Encoding 0arcade-legendsr2.gif frame 12
INFO:Encoding 0arcade-legendsr2.gif frame 12
INFO:Encoding 0arcade-legendsr2.gif frame 13
INFO:Encoding 0arcade-legendsr2.gif frame 13
INFO:Encoding 0arcade-legendsr2.gif frame 13
INFO:Encoding 0arcade-legendsr2.gif frame 13
INFO:Encoding 0arcade-legendsr2.gif frame 13
INFO:Encoding 0arcade-legendsr2.gif frame 13
INFO:Encoding 0arcade-legendsr2.gif frame 13
INFO:Encoding 0arcade-legendsr2.gif frame 13
INFO:Encoding 0arcade-legendsr2.gif frame 14
INFO:Encoding 0arcade-legendsr2.gif frame 14
INFO:Encoding 0arcade-legendsr2.gif frame 14
INFO:Encoding 0arcade-legendsr2.gif frame 14
INFO:Encoding 0arcade-legendsr2.gif frame 14
INFO:Encoding 0arcade-legendsr2.gif frame 14
INFO:Encoding 0arcade-legendsr2.gif frame 14
INFO:Encoding 0arcade-legendsr2.gif frame 14
INFO:Encoding 0arcade-legendsr2.gif frame 15
INFO:Encoding 0arcade-legendsr2.gif frame 15
INFO:Encoding 0arcade-legendsr2.gif frame 15
INFO:Encoding 0arcade-legendsr2.gif frame 15
INFO:Encoding 0arcade-legendsr2.gif frame 15
INFO:Encoding 0arcade-legendsr2.gif frame 15
INFO:Encoding 0arcade-legendsr2.gif frame 15
INFO:Encoding 0arcade-legendsr2.gif frame 15
INFO:Encoding 0arcade-legendsr2.gif frame 16
INFO:Encoding 0arcade-legendsr2.gif frame 16
INFO:Encoding 0arcade-legendsr2.gif frame 16
INFO:Encoding 0arcade-legendsr2.gif frame 16
INFO:Encoding 0arcade-legendsr2.gif frame 16
INFO:Encoding 0arcade-legendsr2.gif frame 16
INFO:Encoding 0arcade-legendsr2.gif frame 16
INFO:Encoding 0arcade-legendsr2.gif frame 16
INFO:Encoding 0arcade-legendsr2.gif frame 17
INFO:Encoding 0arcade-legendsr2.gif frame 17
INFO:Encoding 0arcade-legendsr2.gif frame 17
INFO:Encoding 0arcade-legendsr2.gif frame 17
INFO:Encoding 0arcade-legendsr2.gif frame 17
INFO:Encoding 0arcade-legendsr2.gif frame 17
INFO:Encoding 0arcade-legendsr2.gif frame 17
INFO:Encoding 0arcade-legendsr2.gif frame 17
INFO:Encoding 0arcade-legendsr2.gif frame 18
INFO:Encoding 0arcade-legendsr2.gif frame 18
INFO:Encoding 0arcade-legendsr2.gif frame 18
INFO:Encoding 0arcade-legendsr2.gif frame 18
INFO:Encoding 0arcade-legendsr2.gif frame 18
INFO:Encoding 0arcade-legendsr2.gif frame 18
INFO:Encoding 0arcade-legendsr2.gif frame 18
INFO:Encoding 0arcade-legendsr2.gif frame 18
INFO:Encoding 0arcade-legendsr2.gif frame 19
INFO:Encoding 0arcade-legendsr2.gif frame 19
INFO:Encoding 0arcade-legendsr2.gif frame 19
INFO:Encoding 0arcade-legendsr2.gif frame 19
INFO:Encoding 0arcade-legendsr2.gif frame 19
INFO:Encoding 0arcade-legendsr2.gif frame 19
INFO:Encoding 0arcade-legendsr2.gif frame 19
INFO:Encoding 0arcade-legendsr2.gif frame 19
INFO:Encoding 0arcade-legendsr2.gif frame 20
INFO:Encoding 0arcade-legendsr2.gif frame 20
INFO:Encoding 0arcade-legendsr2.gif frame 20
INFO:Encoding 0arcade-legendsr2.gif frame 20
INFO:Encoding 0arcade-legendsr2.gif frame 20
INFO:Encoding 0arcade-legendsr2.gif frame 20
INFO:Encoding 0arcade-legendsr2.gif frame 20
INFO:Encoding 0arcade-legendsr2.gif frame 20
INFO:Encoding 0arcade-legendsr2.gif frame 21
INFO:Encoding 0arcade-legendsr2.gif frame 21
INFO:Encoding 0arcade-legendsr2.gif frame 21
INFO:Encoding 0arcade-legendsr2.gif frame 21
INFO:Encoding 0arcade-legendsr2.gif frame 21
INFO:Encoding 0arcade-legendsr2.gif frame 21
INFO:Encoding 0arcade-legendsr2.gif frame 21
INFO:Encoding 0arcade-legendsr2.gif frame 21
INFO:Encoding 0arcade-legendsr2.gif frame 22
INFO:Encoding 0arcade-legendsr2.gif frame 22
INFO:Encoding 0arcade-legendsr2.gif frame 22
INFO:Encoding 0arcade-legendsr2.gif frame 22
INFO:Encoding 0arcade-legendsr2.gif frame 22
INFO:Encoding 0arcade-legendsr2.gif frame 22
INFO:Encoding 0arcade-legendsr2.gif frame 22
INFO:Encoding 0arcade-legendsr2.gif frame 22
INFO:Encoding 0arcade-legendsr2.gif frame 23
INFO:Encoding 0arcade-legendsr2.gif frame 23
INFO:Encoding 0arcade-legendsr2.gif frame 23
INFO:Encoding 0arcade-legendsr2.gif frame 23
INFO:Encoding 0arcade-legendsr2.gif frame 23
INFO:Encoding 0arcade-legendsr2.gif frame 23
INFO:Encoding 0arcade-legendsr2.gif frame 23
INFO:Encoding 0arcade-legendsr2.gif frame 23
INFO:Encoding 0arcade-legendsr2.gif frame 24
INFO:Encoding 0arcade-legendsr2.gif frame 24
INFO:Encoding 0arcade-legendsr2.gif frame 24
INFO:Encoding 0arcade-legendsr2.gif frame 24
INFO:Encoding 0arcade-legendsr2.gif frame 24
INFO:Encoding 0arcade-legendsr2.gif frame 24
INFO:Encoding 0arcade-legendsr2.gif frame 24
INFO:Encoding 0arcade-legendsr2.gif frame 24
INFO:Encoding 0arcade-legendsr2.gif frame 25
INFO:Encoding 0arcade-legendsr2.gif frame 25
INFO:Encoding 0arcade-legendsr2.gif frame 25
INFO:Encoding 0arcade-legendsr2.gif frame 25
INFO:Encoding 0arcade-legendsr2.gif frame 25
INFO:Encoding 0arcade-legendsr2.gif frame 25
INFO:Encoding 0arcade-legendsr2.gif frame 25
INFO:Encoding 0arcade-legendsr2.gif frame 25
INFO:Encoding 0arcade-legendsr2.gif frame 26
INFO:Encoding 0arcade-legendsr2.gif frame 26
INFO:Encoding 0arcade-legendsr2.gif frame 26
INFO:Encoding 0arcade-legendsr2.gif frame 26
INFO:Encoding 0arcade-legendsr2.gif frame 26
INFO:Encoding 0arcade-legendsr2.gif frame 26
INFO:Encoding 0arcade-legendsr2.gif frame 26
INFO:Encoding 0arcade-legendsr2.gif frame 26
INFO:Encoding 0arcade-legendsr2.gif frame 27
INFO:Encoding 0arcade-legendsr2.gif frame 27
INFO:Encoding 0arcade-legendsr2.gif frame 27
INFO:Encoding 0arcade-legendsr2.gif frame 27
INFO:Encoding 0arcade-legendsr2.gif frame 27
INFO:Encoding 0arcade-legendsr2.gif frame 27
INFO:Encoding 0arcade-legendsr2.gif frame 27
INFO:Encoding 0arcade-legendsr2.gif frame 27
INFO:Encoding 0arcade-legendsr2.gif frame 28
INFO:Encoding 0arcade-legendsr2.gif frame 28
INFO:Encoding 0arcade-legendsr2.gif frame 28
INFO:Encoding 0arcade-legendsr2.gif frame 28
INFO:Encoding 0arcade-legendsr2.gif frame 28
INFO:Encoding 0arcade-legendsr2.gif frame 28
INFO:Encoding 0arcade-legendsr2.gif frame 28
INFO:Encoding 0arcade-legendsr2.gif frame 28
INFO:Encoding 0arcade-legendsr2.gif frame 29
INFO:Encoding 0arcade-legendsr2.gif frame 29
INFO:Encoding 0arcade-legendsr2.gif frame 29
INFO:Encoding 0arcade-legendsr2.gif frame 29
INFO:Encoding 0arcade-legendsr2.gif frame 29
INFO:Encoding 0arcade-legendsr2.gif frame 29
INFO:Encoding 0arcade-legendsr2.gif frame 29
INFO:Encoding 0arcade-legendsr2.gif frame 29
INFO:Encoding 0arcade-legendsr2.gif frame 30
INFO:Encoding 0arcade-legendsr2.gif frame 30
INFO:Encoding 0arcade-legendsr2.gif frame 30
INFO:Encoding 0arcade-legendsr2.gif frame 30
INFO:Encoding 0arcade-legendsr2.gif frame 30
INFO:Encoding 0arcade-legendsr2.gif frame 30
INFO:Encoding 0arcade-legendsr2.gif frame 30
INFO:Encoding 0arcade-legendsr2.gif frame 30
INFO:Encoding 0arcade-legendsr2.gif frame 31
INFO:Encoding 0arcade-legendsr2.gif frame 31
INFO:Encoding 0arcade-legendsr2.gif frame 31
INFO:Encoding 0arcade-legendsr2.gif frame 31
INFO:Encoding 0arcade-legendsr2.gif frame 31
INFO:Encoding 0arcade-legendsr2.gif frame 31
INFO:Encoding 0arcade-legendsr2.gif frame 31
INFO:Encoding 0arcade-legendsr2.gif frame 31
INFO:Encoding 0arcade-legendsr2.gif frame 32
INFO:Encoding 0arcade-legendsr2.gif frame 32
INFO:Encoding 0arcade-legendsr2.gif frame 32
INFO:Encoding 0arcade-legendsr2.gif frame 32
INFO:Encoding 0arcade-legendsr2.gif frame 32
INFO:Encoding 0arcade-legendsr2.gif frame 32
INFO:Encoding 0arcade-legendsr2.gif frame 32
INFO:Encoding 0arcade-legendsr2.gif frame 32
INFO:Encoding 0arcade-legendsr2.gif frame 33
INFO:Encoding 0arcade-legendsr2.gif frame 33
INFO:Encoding 0arcade-legendsr2.gif frame 33
INFO:Encoding 0arcade-legendsr2.gif frame 33
INFO:Encoding 0arcade-legendsr2.gif frame 33
INFO:Encoding 0arcade-legendsr2.gif frame 33
INFO:Encoding 0arcade-legendsr2.gif frame 33
INFO:Encoding 0arcade-legendsr2.gif frame 33
INFO:Encoding 0arcade-legendsr2.gif frame 34
INFO:Encoding 0arcade-legendsr2.gif frame 34
INFO:Encoding 0arcade-legendsr2.gif frame 34
INFO:Encoding 0arcade-legendsr2.gif frame 34
INFO:Encoding 0arcade-legendsr2.gif frame 34
INFO:Encoding 0arcade-legendsr2.gif frame 34
INFO:Encoding 0arcade-legendsr2.gif frame 34
INFO:Encoding 0arcade-legendsr2.gif frame 34
INFO:Encoding 0arcade-legendsr2.gif frame 35
INFO:Encoding 0arcade-legendsr2.gif frame 35
INFO:Encoding 0arcade-legendsr2.gif frame 35
INFO:Encoding 0arcade-legendsr2.gif frame 35
INFO:Encoding 0arcade-legendsr2.gif frame 35
INFO:Encoding 0arcade-legendsr2.gif frame 35
INFO:Encoding 0arcade-legendsr2.gif frame 35
INFO:Encoding 0arcade-legendsr2.gif frame 35
INFO:Encoding 0arcade-legendsr2.gif frame 36
INFO:Encoding 0arcade-legendsr2.gif frame 36
INFO:Encoding 0arcade-legendsr2.gif frame 36
INFO:Encoding 0arcade-legendsr2.gif frame 36
INFO:Encoding 0arcade-legendsr2.gif frame 36
INFO:Encoding 0arcade-legendsr2.gif frame 36
INFO:Encoding 0arcade-legendsr2.gif frame 36
INFO:Encoding 0arcade-legendsr2.gif frame 36
INFO:Encoding 0arcade-legendsr2.gif frame 37
INFO:Encoding 0arcade-legendsr2.gif frame 37
INFO:Encoding 0arcade-legendsr2.gif frame 37
INFO:Encoding 0arcade-legendsr2.gif frame 37
INFO:Encoding 0arcade-legendsr2.gif frame 37
INFO:Encoding 0arcade-legendsr2.gif frame 37
INFO:Encoding 0arcade-legendsr2.gif frame 37
INFO:Encoding 0arcade-legendsr2.gif frame 37
INFO:Encoding 0arcade-legendsr2.gif frame 38
INFO:Encoding 0arcade-legendsr2.gif frame 38
INFO:Encoding 0arcade-legendsr2.gif frame 38
INFO:Encoding 0arcade-legendsr2.gif frame 38
INFO:Encoding 0arcade-legendsr2.gif frame 38
INFO:Encoding 0arcade-legendsr2.gif frame 38
INFO:Encoding 0arcade-legendsr2.gif frame 38
INFO:Encoding 0arcade-legendsr2.gif frame 38
INFO:Encoding 0arcade-legendsr2.gif frame 39
INFO:Encoding 0arcade-legendsr2.gif frame 39
INFO:Encoding 0arcade-legendsr2.gif frame 39
INFO:Encoding 0arcade-legendsr2.gif frame 39
INFO:Encoding 0arcade-legendsr2.gif frame 39
INFO:Encoding 0arcade-legendsr2.gif frame 39
INFO:Encoding 0arcade-legendsr2.gif frame 39
INFO:Encoding 0arcade-legendsr2.gif frame 39
INFO:Encoding 0arcade-legendsr2.gif frame 40
INFO:Encoding 0arcade-legendsr2.gif frame 40
INFO:Encoding 0arcade-legendsr2.gif frame 40
INFO:Encoding 0arcade-legendsr2.gif frame 40
INFO:Encoding 0arcade-legendsr2.gif frame 40
INFO:Encoding 0arcade-legendsr2.gif frame 40
INFO:Encoding 0arcade-legendsr2.gif frame 40
INFO:Encoding 0arcade-legendsr2.gif frame 40
INFO:Encoding 0arcade-legendsr2.gif frame 41
INFO:Encoding 0arcade-legendsr2.gif frame 41
INFO:Encoding 0arcade-legendsr2.gif frame 41
INFO:Encoding 0arcade-legendsr2.gif frame 41
INFO:Encoding 0arcade-legendsr2.gif frame 41
INFO:Encoding 0arcade-legendsr2.gif frame 41
INFO:Encoding 0arcade-legendsr2.gif frame 41
INFO:Encoding 0arcade-legendsr2.gif frame 41
INFO:Encoding 0arcade-legendsr2.gif frame 42
INFO:Encoding 0arcade-legendsr2.gif frame 42
INFO:Encoding 0arcade-legendsr2.gif frame 42
INFO:Encoding 0arcade-legendsr2.gif frame 42
INFO:Encoding 0arcade-legendsr2.gif frame 42
INFO:Encoding 0arcade-legendsr2.gif frame 42
INFO:Encoding 0arcade-legendsr2.gif frame 42
INFO:Encoding 0arcade-legendsr2.gif frame 42
INFO:Encoding 0arcade-legendsr2.gif frame 43
INFO:Encoding 0arcade-legendsr2.gif frame 43
INFO:Encoding 0arcade-legendsr2.gif frame 43
INFO:Encoding 0arcade-legendsr2.gif frame 43
INFO:Encoding 0arcade-legendsr2.gif frame 43
INFO:Encoding 0arcade-legendsr2.gif frame 43
INFO:Encoding 0arcade-legendsr2.gif frame 43
INFO:Encoding 0arcade-legendsr2.gif frame 43
INFO:Encoding 0arcade-legendsr2.gif frame 44
INFO:Encoding 0arcade-legendsr2.gif frame 44
INFO:Encoding 0arcade-legendsr2.gif frame 44
INFO:Encoding 0arcade-legendsr2.gif frame 44
INFO:Encoding 0arcade-legendsr2.gif frame 44
INFO:Encoding 0arcade-legendsr2.gif frame 44
INFO:Encoding 0arcade-legendsr2.gif frame 44
INFO:Encoding 0arcade-legendsr2.gif frame 44
INFO:Encoding 0arcade-legendsr2.gif frame 45
INFO:Encoding 0arcade-legendsr2.gif frame 45
INFO:Encoding 0arcade-legendsr2.gif frame 45
INFO:Encoding 0arcade-legendsr2.gif frame 45
INFO:Encoding 0arcade-legendsr2.gif frame 45
INFO:Encoding 0arcade-legendsr2.gif frame 45
INFO:Encoding 0arcade-legendsr2.gif frame 45
INFO:Encoding 0arcade-legendsr2.gif frame 45
INFO:Encoding 0arcade-legendsr2.gif frame 46
INFO:Encoding 0arcade-legendsr2.gif frame 46
INFO:Encoding 0arcade-legendsr2.gif frame 46
INFO:Encoding 0arcade-legendsr2.gif frame 46
INFO:Encoding 0arcade-legendsr2.gif frame 46
INFO:Encoding 0arcade-legendsr2.gif frame 46
INFO:Encoding 0arcade-legendsr2.gif frame 46
INFO:Encoding 0arcade-legendsr2.gif frame 46
INFO:Encoding 0arcade-legendsr2.gif frame 47
INFO:Encoding 0arcade-legendsr2.gif frame 47
INFO:Encoding 0arcade-legendsr2.gif frame 47
INFO:Encoding 0arcade-legendsr2.gif frame 47
INFO:Encoding 0arcade-legendsr2.gif frame 47
INFO:Encoding 0arcade-legendsr2.gif frame 47
INFO:Encoding 0arcade-legendsr2.gif frame 47
INFO:Encoding 0arcade-legendsr2.gif frame 47
INFO:Encoding 0arcade-legendsr2.gif frame 48
INFO:Encoding 0arcade-legendsr2.gif frame 48
INFO:Encoding 0arcade-legendsr2.gif frame 48
INFO:Encoding 0arcade-legendsr2.gif frame 48
INFO:Encoding 0arcade-legendsr2.gif frame 48
INFO:Encoding 0arcade-legendsr2.gif frame 48
INFO:Encoding 0arcade-legendsr2.gif frame 48
INFO:Encoding 0arcade-legendsr2.gif frame 48
INFO:Encoding 0arcade-legendsr2.gif frame 49
INFO:Encoding 0arcade-legendsr2.gif frame 49
INFO:Encoding 0arcade-legendsr2.gif frame 49
INFO:Encoding 0arcade-legendsr2.gif frame 49
INFO:Encoding 0arcade-legendsr2.gif frame 49
INFO:Encoding 0arcade-legendsr2.gif frame 49
INFO:Encoding 0arcade-legendsr2.gif frame 49
INFO:Encoding 0arcade-legendsr2.gif frame 49
INFO:Encoding 0arcade-legendsr2.gif frame 50
INFO:Encoding 0arcade-legendsr2.gif frame 50
INFO:Encoding 0arcade-legendsr2.gif frame 50
INFO:Encoding 0arcade-legendsr2.gif frame 50
INFO:Encoding 0arcade-legendsr2.gif frame 50
INFO:Encoding 0arcade-legendsr2.gif frame 50
INFO:Encoding 0arcade-legendsr2.gif frame 50
INFO:Encoding 0arcade-legendsr2.gif frame 50
INFO:Encoding 0arcade-legendsr2.gif frame 51
INFO:Encoding 0arcade-legendsr2.gif frame 51
INFO:Encoding 0arcade-legendsr2.gif frame 51
INFO:Encoding 0arcade-legendsr2.gif frame 51
INFO:Encoding 0arcade-legendsr2.gif frame 51
INFO:Encoding 0arcade-legendsr2.gif frame 51
INFO:Encoding 0arcade-legendsr2.gif frame 51
INFO:Encoding 0arcade-legendsr2.gif frame 51
INFO:Encoding 0arcade-legendsr2.gif frame 52
INFO:Encoding 0arcade-legendsr2.gif frame 52
INFO:Encoding 0arcade-legendsr2.gif frame 52
INFO:Encoding 0arcade-legendsr2.gif frame 52
INFO:Encoding 0arcade-legendsr2.gif frame 52
INFO:Encoding 0arcade-legendsr2.gif frame 52
INFO:Encoding 0arcade-legendsr2.gif frame 52
INFO:Encoding 0arcade-legendsr2.gif frame 52
INFO:Encoding 0arcade-legendsr2.gif frame 53
INFO:Encoding 0arcade-legendsr2.gif frame 53
INFO:Encoding 0arcade-legendsr2.gif frame 53
INFO:Encoding 0arcade-legendsr2.gif frame 53
INFO:Encoding 0arcade-legendsr2.gif frame 53
INFO:Encoding 0arcade-legendsr2.gif frame 53
INFO:Encoding 0arcade-legendsr2.gif frame 53
INFO:Encoding 0arcade-legendsr2.gif frame 53
INFO:Encoding 0arcade-legendsr2.gif frame 54
INFO:Encoding 0arcade-legendsr2.gif frame 54
INFO:Encoding 0arcade-legendsr2.gif frame 54
INFO:Encoding 0arcade-legendsr2.gif frame 54
INFO:Encoding 0arcade-legendsr2.gif frame 54
INFO:Encoding 0arcade-legendsr2.gif frame 54
INFO:Encoding 0arcade-legendsr2.gif frame 54
INFO:Encoding 0arcade-legendsr2.gif frame 54
INFO:Encoding 0arcade-legendsr2.gif frame 55
INFO:Encoding 0arcade-legendsr2.gif frame 55
INFO:Encoding 0arcade-legendsr2.gif frame 55
INFO:Encoding 0arcade-legendsr2.gif frame 55
INFO:Encoding 0arcade-legendsr2.gif frame 55
INFO:Encoding 0arcade-legendsr2.gif frame 55
INFO:Encoding 0arcade-legendsr2.gif frame 55
INFO:Encoding 0arcade-legendsr2.gif frame 55
INFO:Encoding 0arcade-legendsr2.gif frame 56
INFO:Encoding 0arcade-legendsr2.gif frame 56
INFO:Encoding 0arcade-legendsr2.gif frame 56
INFO:Encoding 0arcade-legendsr2.gif frame 56
INFO:Encoding 0arcade-legendsr2.gif frame 56
INFO:Encoding 0arcade-legendsr2.gif frame 56
INFO:Encoding 0arcade-legendsr2.gif frame 56
INFO:Encoding 0arcade-legendsr2.gif frame 56
INFO:Encoding 0arcade-legendsr2.gif frame 57
INFO:Encoding 0arcade-legendsr2.gif frame 57
INFO:Encoding 0arcade-legendsr2.gif frame 57
INFO:Encoding 0arcade-legendsr2.gif frame 57
INFO:Encoding 0arcade-legendsr2.gif frame 57
INFO:Encoding 0arcade-legendsr2.gif frame 57
INFO:Encoding 0arcade-legendsr2.gif frame 57
INFO:Encoding 0arcade-legendsr2.gif frame 57
INFO:Encoding 0arcade-legendsr2.gif frame 58
INFO:Encoding 0arcade-legendsr2.gif frame 58
INFO:Encoding 0arcade-legendsr2.gif frame 58
INFO:Encoding 0arcade-legendsr2.gif frame 58
INFO:Encoding 0arcade-legendsr2.gif frame 58
INFO:Encoding 0arcade-legendsr2.gif frame 58
INFO:Encoding 0arcade-legendsr2.gif frame 58
INFO:Encoding 0arcade-legendsr2.gif frame 58
INFO:Encoding 0arcade-legendsr2.gif frame 59
INFO:Encoding 0arcade-legendsr2.gif frame 59
INFO:Encoding 0arcade-legendsr2.gif frame 59
INFO:Encoding 0arcade-legendsr2.gif frame 59
INFO:Encoding 0arcade-legendsr2.gif frame 59
INFO:Encoding 0arcade-legendsr2.gif frame 59
INFO:Encoding 0arcade-legendsr2.gif frame 59
INFO:Encoding 0arcade-legendsr2.gif frame 59
INFO:Encoding 0arcade-legendsr2.gif frame 60
INFO:Encoding 0arcade-legendsr2.gif frame 60
INFO:Encoding 0arcade-legendsr2.gif frame 60
INFO:Encoding 0arcade-legendsr2.gif frame 60
INFO:Encoding 0arcade-legendsr2.gif frame 60
INFO:Encoding 0arcade-legendsr2.gif frame 60
INFO:Encoding 0arcade-legendsr2.gif frame 60
INFO:Encoding 0arcade-legendsr2.gif frame 60
INFO:Encoding 0arcade-legendsr2.gif frame 61
INFO:Encoding 0arcade-legendsr2.gif frame 61
INFO:Encoding 0arcade-legendsr2.gif frame 61
INFO:Encoding 0arcade-legendsr2.gif frame 61
INFO:Encoding 0arcade-legendsr2.gif frame 61
INFO:Encoding 0arcade-legendsr2.gif frame 61
INFO:Encoding 0arcade-legendsr2.gif frame 61
INFO:Encoding 0arcade-legendsr2.gif frame 61
INFO:Encoding 0arcade-legendsr2.gif frame 62
INFO:Encoding 0arcade-legendsr2.gif frame 62
INFO:Encoding 0arcade-legendsr2.gif frame 62
INFO:Encoding 0arcade-legendsr2.gif frame 62
INFO:Encoding 0arcade-legendsr2.gif frame 62
INFO:Encoding 0arcade-legendsr2.gif frame 62
INFO:Encoding 0arcade-legendsr2.gif frame 62
INFO:Encoding 0arcade-legendsr2.gif frame 62
INFO:Encoding 0arcade-legendsr2.gif frame 63
INFO:Encoding 0arcade-legendsr2.gif frame 63
INFO:Encoding 0arcade-legendsr2.gif frame 63
INFO:Encoding 0arcade-legendsr2.gif frame 63
INFO:Encoding 0arcade-legendsr2.gif frame 63
INFO:Encoding 0arcade-legendsr2.gif frame 63
INFO:Encoding 0arcade-legendsr2.gif frame 63
INFO:Encoding 0arcade-legendsr2.gif frame 63
INFO:Encoding 0arcade-legendsr2.gif frame 64
INFO:Encoding 0arcade-legendsr2.gif frame 64
INFO:Encoding 0arcade-legendsr2.gif frame 64
INFO:Encoding 0arcade-legendsr2.gif frame 64
INFO:Encoding 0arcade-legendsr2.gif frame 64
INFO:Encoding 0arcade-legendsr2.gif frame 64
INFO:Encoding 0arcade-legendsr2.gif frame 64
INFO:Encoding 0arcade-legendsr2.gif frame 64
INFO:Encoding 0arcade-legendsr2.gif frame 65
INFO:Encoding 0arcade-legendsr2.gif frame 65
INFO:Encoding 0arcade-legendsr2.gif frame 65
INFO:Encoding 0arcade-legendsr2.gif frame 65
INFO:Encoding 0arcade-legendsr2.gif frame 65
INFO:Encoding 0arcade-legendsr2.gif frame 65
INFO:Encoding 0arcade-legendsr2.gif frame 65
INFO:Encoding 0arcade-legendsr2.gif frame 65
INFO:Encoding 0arcade-legendsr2.gif frame 66
INFO:Encoding 0arcade-legendsr2.gif frame 66
INFO:Encoding 0arcade-legendsr2.gif frame 66
INFO:Encoding 0arcade-legendsr2.gif frame 66
INFO:Encoding 0arcade-legendsr2.gif frame 66
INFO:Encoding 0arcade-legendsr2.gif frame 66
INFO:Encoding 0arcade-legendsr2.gif frame 66
INFO:Encoding 0arcade-legendsr2.gif frame 66
INFO:Encoding 0arcade-legendsr2.gif frame 67
INFO:Encoding 0arcade-legendsr2.gif frame 67
INFO:Encoding 0arcade-legendsr2.gif frame 67
INFO:Encoding 0arcade-legendsr2.gif frame 67
INFO:Encoding 0arcade-legendsr2.gif frame 67
INFO:Encoding 0arcade-legendsr2.gif frame 67
INFO:Encoding 0arcade-legendsr2.gif frame 67
INFO:Encoding 0arcade-legendsr2.gif frame 67
INFO:Encoding 0arcade-legendsr2.gif frame 68
INFO:Encoding 0arcade-legendsr2.gif frame 68
INFO:Encoding 0arcade-legendsr2.gif frame 68
INFO:Encoding 0arcade-legendsr2.gif frame 68
INFO:Encoding 0arcade-legendsr2.gif frame 68
INFO:Encoding 0arcade-legendsr2.gif frame 68
INFO:Encoding 0arcade-legendsr2.gif frame 68
INFO:Encoding 0arcade-legendsr2.gif frame 68
INFO:Encoding 0arcade-legendsr2.gif frame 69
INFO:Encoding 0arcade-legendsr2.gif frame 69
INFO:Encoding 0arcade-legendsr2.gif frame 69
INFO:Encoding 0arcade-legendsr2.gif frame 69
INFO:Encoding 0arcade-legendsr2.gif frame 69
INFO:Encoding 0arcade-legendsr2.gif frame 69
INFO:Encoding 0arcade-legendsr2.gif frame 69
INFO:Encoding 0arcade-legendsr2.gif frame 69
INFO:Encoding 0arcade-legendsr2.gif frame 70
INFO:Encoding 0arcade-legendsr2.gif frame 70
INFO:Encoding 0arcade-legendsr2.gif frame 70
INFO:Encoding 0arcade-legendsr2.gif frame 70
INFO:Encoding 0arcade-legendsr2.gif frame 70
INFO:Encoding 0arcade-legendsr2.gif frame 70
INFO:Encoding 0arcade-legendsr2.gif frame 70
INFO:Encoding 0arcade-legendsr2.gif frame 70
INFO:Encoding 0arcade-legendsr2.gif frame 71
INFO:Encoding 0arcade-legendsr2.gif frame 71
INFO:Encoding 0arcade-legendsr2.gif frame 71
INFO:Encoding 0arcade-legendsr2.gif frame 71
INFO:Encoding 0arcade-legendsr2.gif frame 71
INFO:Encoding 0arcade-legendsr2.gif frame 71
INFO:Encoding 0arcade-legendsr2.gif frame 71
INFO:Encoding 0arcade-legendsr2.gif frame 71
INFO:Encoding 0arcade-legendsr2.gif frame 72
INFO:Encoding 0arcade-legendsr2.gif frame 72
INFO:Encoding 0arcade-legendsr2.gif frame 72
INFO:Encoding 0arcade-legendsr2.gif frame 72
INFO:Encoding 0arcade-legendsr2.gif frame 72
INFO:Encoding 0arcade-legendsr2.gif frame 72
INFO:Encoding 0arcade-legendsr2.gif frame 72
INFO:Encoding 0arcade-legendsr2.gif frame 72
INFO:Encoding 0arcade-legendsr2.gif frame 73
INFO:Encoding 0arcade-legendsr2.gif frame 73
INFO:Encoding 0arcade-legendsr2.gif frame 73
INFO:Encoding 0arcade-legendsr2.gif frame 73
INFO:Encoding 0arcade-legendsr2.gif frame 73
INFO:Encoding 0arcade-legendsr2.gif frame 73
INFO:Encoding 0arcade-legendsr2.gif frame 73
INFO:Encoding 0arcade-legendsr2.gif frame 73
INFO:Encoding 0arcade-legendsr2.gif frame 74
INFO:Encoding 0arcade-legendsr2.gif frame 74
INFO:Encoding 0arcade-legendsr2.gif frame 74
INFO:Encoding 0arcade-legendsr2.gif frame 74
INFO:Encoding 0arcade-legendsr2.gif frame 74
INFO:Encoding 0arcade-legendsr2.gif frame 74
INFO:Encoding 0arcade-legendsr2.gif frame 74
INFO:Encoding 0arcade-legendsr2.gif frame 74
INFO:Encoding 0arcade-legendsr2.gif frame 75
INFO:Encoding 0arcade-legendsr2.gif frame 75
INFO:Encoding 0arcade-legendsr2.gif frame 75
INFO:Encoding 0arcade-legendsr2.gif frame 75
INFO:Encoding 0arcade-legendsr2.gif frame 75
INFO:Encoding 0arcade-legendsr2.gif frame 75
INFO:Encoding 0arcade-legendsr2.gif frame 75
INFO:Encoding 0arcade-legendsr2.gif frame 75
INFO:Encoding 0arcade-legendsr2.gif frame 76
INFO:Encoding 0arcade-legendsr2.gif frame 76
INFO:Encoding 0arcade-legendsr2.gif frame 76
INFO:Encoding 0arcade-legendsr2.gif frame 76
INFO:Encoding 0arcade-legendsr2.gif frame 76
INFO:Encoding 0arcade-legendsr2.gif frame 76
INFO:Encoding 0arcade-legendsr2.gif frame 76
INFO:Encoding 0arcade-legendsr2.gif frame 76
INFO:Encoding 0arcade-legendsr2.gif frame 77
INFO:Encoding 0arcade-legendsr2.gif frame 77
INFO:Encoding 0arcade-legendsr2.gif frame 77
INFO:Encoding 0arcade-legendsr2.gif frame 77
INFO:Encoding 0arcade-legendsr2.gif frame 77
INFO:Encoding 0arcade-legendsr2.gif frame 77
INFO:Encoding 0arcade-legendsr2.gif frame 77
INFO:Encoding 0arcade-legendsr2.gif frame 77
INFO:Encoding 0arcade-legendsr2.gif frame 78
INFO:Encoding 0arcade-legendsr2.gif frame 78
INFO:Encoding 0arcade-legendsr2.gif frame 78
INFO:Encoding 0arcade-legendsr2.gif frame 78
INFO:Encoding 0arcade-legendsr2.gif frame 78
INFO:Encoding 0arcade-legendsr2.gif frame 78
INFO:Encoding 0arcade-legendsr2.gif frame 78
INFO:Encoding 0arcade-legendsr2.gif frame 78
INFO:Encoding 0arcade-legendsr2.gif frame 79
INFO:Encoding 0arcade-legendsr2.gif frame 79
INFO:Encoding 0arcade-legendsr2.gif frame 79
INFO:Encoding 0arcade-legendsr2.gif frame 79
INFO:Encoding 0arcade-legendsr2.gif frame 79
INFO:Encoding 0arcade-legendsr2.gif frame 79
INFO:Encoding 0arcade-legendsr2.gif frame 79
INFO:Encoding 0arcade-legendsr2.gif frame 79
INFO:Encoding 0arcade-legendsr2.gif frame 80
INFO:Encoding 0arcade-legendsr2.gif frame 80
INFO:Encoding 0arcade-legendsr2.gif frame 80
INFO:Encoding 0arcade-legendsr2.gif frame 80
INFO:Encoding 0arcade-legendsr2.gif frame 80
INFO:Encoding 0arcade-legendsr2.gif frame 80
INFO:Encoding 0arcade-legendsr2.gif frame 80
INFO:Encoding 0arcade-legendsr2.gif frame 80
INFO:Encoding 0arcade-legendsr2.gif frame 81
INFO:Encoding 0arcade-legendsr2.gif frame 81
INFO:Encoding 0arcade-legendsr2.gif frame 81
INFO:Encoding 0arcade-legendsr2.gif frame 81
INFO:Encoding 0arcade-legendsr2.gif frame 81
INFO:Encoding 0arcade-legendsr2.gif frame 81
INFO:Encoding 0arcade-legendsr2.gif frame 81
INFO:Encoding 0arcade-legendsr2.gif frame 81
INFO:Encoding 0arcade-legendsr2.gif frame 82
INFO:Encoding 0arcade-legendsr2.gif frame 82
INFO:Encoding 0arcade-legendsr2.gif frame 82
INFO:Encoding 0arcade-legendsr2.gif frame 82
INFO:Encoding 0arcade-legendsr2.gif frame 82
INFO:Encoding 0arcade-legendsr2.gif frame 82
INFO:Encoding 0arcade-legendsr2.gif frame 82
INFO:Encoding 0arcade-legendsr2.gif frame 82
INFO:Encoding 0arcade-legendsr2.gif frame 83
INFO:Encoding 0arcade-legendsr2.gif frame 83
INFO:Encoding 0arcade-legendsr2.gif frame 83
INFO:Encoding 0arcade-legendsr2.gif frame 83
INFO:Encoding 0arcade-legendsr2.gif frame 83
INFO:Encoding 0arcade-legendsr2.gif frame 83
INFO:Encoding 0arcade-legendsr2.gif frame 83
INFO:Encoding 0arcade-legendsr2.gif frame 83
INFO:Encoding 0arcade-legendsr2.gif frame 84
INFO:Encoding 0arcade-legendsr2.gif frame 84
INFO:Encoding 0arcade-legendsr2.gif frame 84
INFO:Encoding 0arcade-legendsr2.gif frame 84
INFO:Encoding 0arcade-legendsr2.gif frame 84
INFO:Encoding 0arcade-legendsr2.gif frame 84
INFO:Encoding 0arcade-legendsr2.gif frame 84
INFO:Encoding 0arcade-legendsr2.gif frame 84
INFO:Encoding 0arcade-legendsr2.gif frame 85
INFO:Encoding 0arcade-legendsr2.gif frame 85
INFO:Encoding 0arcade-legendsr2.gif frame 85
INFO:Encoding 0arcade-legendsr2.gif frame 85
INFO:Encoding 0arcade-legendsr2.gif frame 85
INFO:Encoding 0arcade-legendsr2.gif frame 85
INFO:Encoding 0arcade-legendsr2.gif frame 85
INFO:Encoding 0arcade-legendsr2.gif frame 85
INFO:Encoding 0arcade-legendsr2.gif frame 86
INFO:Encoding 0arcade-legendsr2.gif frame 86
INFO:Encoding 0arcade-legendsr2.gif frame 86
INFO:Encoding 0arcade-legendsr2.gif frame 86
INFO:Encoding 0arcade-legendsr2.gif frame 86
INFO:Encoding 0arcade-legendsr2.gif frame 86
INFO:Encoding 0arcade-legendsr2.gif frame 86
INFO:Encoding 0arcade-legendsr2.gif frame 86
INFO:Encoding 0arcade-legendsr2.gif frame 87
INFO:Encoding 0arcade-legendsr2.gif frame 87
INFO:Encoding 0arcade-legendsr2.gif frame 87
INFO:Encoding 0arcade-legendsr2.gif frame 87
INFO:Encoding 0arcade-legendsr2.gif frame 87
INFO:Encoding 0arcade-legendsr2.gif frame 87
INFO:Encoding 0arcade-legendsr2.gif frame 87
INFO:Encoding 0arcade-legendsr2.gif frame 87
INFO:Encoding 0arcade-legendsr2.gif frame 88
INFO:Encoding 0arcade-legendsr2.gif frame 88
INFO:Encoding 0arcade-legendsr2.gif frame 88
INFO:Encoding 0arcade-legendsr2.gif frame 88
INFO:Encoding 0arcade-legendsr2.gif frame 88
INFO:Encoding 0arcade-legendsr2.gif frame 88
INFO:Encoding 0arcade-legendsr2.gif frame 88
INFO:Encoding 0arcade-legendsr2.gif frame 88
INFO:Encoding 0arcade-legendsr2.gif frame 89
INFO:Encoding 0arcade-legendsr2.gif frame 89
INFO:Encoding 0arcade-legendsr2.gif frame 89
INFO:Encoding 0arcade-legendsr2.gif frame 89
INFO:Encoding 0arcade-legendsr2.gif frame 89
INFO:Encoding 0arcade-legendsr2.gif frame 89
INFO:Encoding 0arcade-legendsr2.gif frame 89
INFO:Encoding 0arcade-legendsr2.gif frame 89
INFO:Encoding 0arcade-legendsr2.gif frame 90
INFO:Encoding 0arcade-legendsr2.gif frame 90
INFO:Encoding 0arcade-legendsr2.gif frame 90
INFO:Encoding 0arcade-legendsr2.gif frame 90
INFO:Encoding 0arcade-legendsr2.gif frame 90
INFO:Encoding 0arcade-legendsr2.gif frame 90
INFO:Encoding 0arcade-legendsr2.gif frame 90
INFO:Encoding 0arcade-legendsr2.gif frame 90
INFO:Encoding 0arcade-legendsr2.gif frame 91
INFO:Encoding 0arcade-legendsr2.gif frame 91
INFO:Encoding 0arcade-legendsr2.gif frame 91
INFO:Encoding 0arcade-legendsr2.gif frame 91
INFO:Encoding 0arcade-legendsr2.gif frame 91
INFO:Encoding 0arcade-legendsr2.gif frame 91
INFO:Encoding 0arcade-legendsr2.gif frame 91
INFO:Encoding 0arcade-legendsr2.gif frame 91
INFO:Encoding 0arcade-legendsr2.gif frame 92
INFO:Encoding 0arcade-legendsr2.gif frame 92
INFO:Encoding 0arcade-legendsr2.gif frame 92
INFO:Encoding 0arcade-legendsr2.gif frame 92
INFO:Encoding 0arcade-legendsr2.gif frame 92
INFO:Encoding 0arcade-legendsr2.gif frame 92
INFO:Encoding 0arcade-legendsr2.gif frame 92
INFO:Encoding 0arcade-legendsr2.gif frame 92
INFO:Encoding 0arcade-legendsr2.gif frame 93
INFO:Encoding 0arcade-legendsr2.gif frame 93
INFO:Encoding 0arcade-legendsr2.gif frame 93
INFO:Encoding 0arcade-legendsr2.gif frame 93
INFO:Encoding 0arcade-legendsr2.gif frame 93
INFO:Encoding 0arcade-legendsr2.gif frame 93
INFO:Encoding 0arcade-legendsr2.gif frame 93
INFO:Encoding 0arcade-legendsr2.gif frame 93
INFO:Encoding 0arcade-legendsr2.gif frame 94
INFO:Encoding 0arcade-legendsr2.gif frame 94
INFO:Encoding 0arcade-legendsr2.gif frame 94
INFO:Encoding 0arcade-legendsr2.gif frame 94
INFO:Encoding 0arcade-legendsr2.gif frame 94
INFO:Encoding 0arcade-legendsr2.gif frame 94
INFO:Encoding 0arcade-legendsr2.gif frame 94
INFO:Encoding 0arcade-legendsr2.gif frame 94
INFO:Encoding 0arcade-legendsr2.gif frame 95
INFO:Encoding 0arcade-legendsr2.gif frame 95
INFO:Encoding 0arcade-legendsr2.gif frame 95
INFO:Encoding 0arcade-legendsr2.gif frame 95
INFO:Encoding 0arcade-legendsr2.gif frame 95
INFO:Encoding 0arcade-legendsr2.gif frame 95
INFO:Encoding 0arcade-legendsr2.gif frame 95
INFO:Encoding 0arcade-legendsr2.gif frame 95
INFO:Encoding 0arcade-legendsr2.gif frame 96
INFO:Encoding 0arcade-legendsr2.gif frame 96
INFO:Encoding 0arcade-legendsr2.gif frame 96
INFO:Encoding 0arcade-legendsr2.gif frame 96
INFO:Encoding 0arcade-legendsr2.gif frame 96
INFO:Encoding 0arcade-legendsr2.gif frame 96
INFO:Encoding 0arcade-legendsr2.gif frame 96
INFO:Encoding 0arcade-legendsr2.gif frame 96
INFO:Encoding 0arcade-legendsr2.gif frame 97
INFO:Encoding 0arcade-legendsr2.gif frame 97
INFO:Encoding 0arcade-legendsr2.gif frame 97
INFO:Encoding 0arcade-legendsr2.gif frame 97
INFO:Encoding 0arcade-legendsr2.gif frame 97
INFO:Encoding 0arcade-legendsr2.gif frame 97
INFO:Encoding 0arcade-legendsr2.gif frame 97
INFO:Encoding 0arcade-legendsr2.gif frame 97
INFO:Encoding 0arcade-legendsr2.gif frame 98
INFO:Encoding 0arcade-legendsr2.gif frame 98
INFO:Encoding 0arcade-legendsr2.gif frame 98
INFO:Encoding 0arcade-legendsr2.gif frame 98
INFO:Encoding 0arcade-legendsr2.gif frame 98
INFO:Encoding 0arcade-legendsr2.gif frame 98
INFO:Encoding 0arcade-legendsr2.gif frame 98
INFO:Encoding 0arcade-legendsr2.gif frame 98
INFO:Encoding 0arcade-legendsr2.gif frame 99
INFO:Encoding 0arcade-legendsr2.gif frame 99
INFO:Encoding 0arcade-legendsr2.gif frame 99
INFO:Encoding 0arcade-legendsr2.gif frame 99
INFO:Encoding 0arcade-legendsr2.gif frame 99
INFO:Encoding 0arcade-legendsr2.gif frame 99
INFO:Encoding 0arcade-legendsr2.gif frame 99
INFO:Encoding 0arcade-legendsr2.gif frame 99
INFO:Encoding 0arcade-legendsr2.gif frame 100
INFO:Encoding 0arcade-legendsr2.gif frame 100
INFO:Encoding 0arcade-legendsr2.gif frame 100
INFO:Encoding 0arcade-legendsr2.gif frame 100
INFO:Encoding 0arcade-legendsr2.gif frame 100
INFO:Encoding 0arcade-legendsr2.gif frame 100
INFO:Encoding 0arcade-legendsr2.gif frame 100
INFO:Encoding 0arcade-legendsr2.gif frame 100
INFO:Encoding 0arcade-legendsr2.gif frame 101
INFO:Encoding 0arcade-legendsr2.gif frame 101
INFO:Encoding 0arcade-legendsr2.gif frame 101
INFO:Encoding 0arcade-legendsr2.gif frame 101
INFO:Encoding 0arcade-legendsr2.gif frame 101
INFO:Encoding 0arcade-legendsr2.gif frame 101
INFO:Encoding 0arcade-legendsr2.gif frame 101
INFO:Encoding 0arcade-legendsr2.gif frame 101
INFO:Encoding 0arcade-legendsr2.gif frame 102
INFO:Encoding 0arcade-legendsr2.gif frame 102
INFO:Encoding 0arcade-legendsr2.gif frame 102
INFO:Encoding 0arcade-legendsr2.gif frame 102
INFO:Encoding 0arcade-legendsr2.gif frame 102
INFO:Encoding 0arcade-legendsr2.gif frame 102
INFO:Encoding 0arcade-legendsr2.gif frame 102
INFO:Encoding 0arcade-legendsr2.gif frame 102
INFO:Encoding 0arcade-legendsr2.gif frame 103
INFO:Encoding 0arcade-legendsr2.gif frame 103
INFO:Encoding 0arcade-legendsr2.gif frame 103
INFO:Encoding 0arcade-legendsr2.gif frame 103
INFO:Encoding 0arcade-legendsr2.gif frame 103
INFO:Encoding 0arcade-legendsr2.gif frame 103
INFO:Encoding 0arcade-legendsr2.gif frame 103
INFO:Encoding 0arcade-legendsr2.gif frame 103
INFO:Encoding 0arcade-legendsr2.gif frame 104
INFO:Encoding 0arcade-legendsr2.gif frame 104
INFO:Encoding 0arcade-legendsr2.gif frame 104
INFO:Encoding 0arcade-legendsr2.gif frame 104
INFO:Encoding 0arcade-legendsr2.gif frame 104
INFO:Encoding 0arcade-legendsr2.gif frame 104
INFO:Encoding 0arcade-legendsr2.gif frame 104
INFO:Encoding 0arcade-legendsr2.gif frame 104
INFO:Encoding 0arcade-legendsr2.gif frame 105
INFO:Encoding 0arcade-legendsr2.gif frame 105
INFO:Encoding 0arcade-legendsr2.gif frame 105
INFO:Encoding 0arcade-legendsr2.gif frame 105
INFO:Encoding 0arcade-legendsr2.gif frame 105
INFO:Encoding 0arcade-legendsr2.gif frame 105
INFO:Encoding 0arcade-legendsr2.gif frame 105
INFO:Encoding 0arcade-legendsr2.gif frame 105
INFO:Encoding 0arcade-legendsr2.gif frame 106
INFO:Encoding 0arcade-legendsr2.gif frame 106
INFO:Encoding 0arcade-legendsr2.gif frame 106
INFO:Encoding 0arcade-legendsr2.gif frame 106
INFO:Encoding 0arcade-legendsr2.gif frame 106
INFO:Encoding 0arcade-legendsr2.gif frame 106
INFO:Encoding 0arcade-legendsr2.gif frame 106
INFO:Encoding 0arcade-legendsr2.gif frame 106
INFO:Encoding 0arcade-legendsr2.gif frame 107
INFO:Encoding 0arcade-legendsr2.gif frame 107
INFO:Encoding 0arcade-legendsr2.gif frame 107
INFO:Encoding 0arcade-legendsr2.gif frame 107
INFO:Encoding 0arcade-legendsr2.gif frame 107
INFO:Encoding 0arcade-legendsr2.gif frame 107
INFO:Encoding 0arcade-legendsr2.gif frame 107
INFO:Encoding 0arcade-legendsr2.gif frame 107
INFO:Encoding 0arcade-legendsr2.gif frame 108
INFO:Encoding 0arcade-legendsr2.gif frame 108
INFO:Encoding 0arcade-legendsr2.gif frame 108
INFO:Encoding 0arcade-legendsr2.gif frame 108
INFO:Encoding 0arcade-legendsr2.gif frame 108
INFO:Encoding 0arcade-legendsr2.gif frame 108
INFO:Encoding 0arcade-legendsr2.gif frame 108
INFO:Encoding 0arcade-legendsr2.gif frame 108
INFO:Encoding 0arcade-legendsr2.gif frame 109
INFO:Encoding 0arcade-legendsr2.gif frame 109
INFO:Encoding 0arcade-legendsr2.gif frame 109
INFO:Encoding 0arcade-legendsr2.gif frame 109
INFO:Encoding 0arcade-legendsr2.gif frame 109
INFO:Encoding 0arcade-legendsr2.gif frame 109
INFO:Encoding 0arcade-legendsr2.gif frame 109
INFO:Encoding 0arcade-legendsr2.gif frame 109
INFO:Encoding 0arcade-legendsr2.gif frame 110
INFO:Encoding 0arcade-legendsr2.gif frame 110
INFO:Encoding 0arcade-legendsr2.gif frame 110
INFO:Encoding 0arcade-legendsr2.gif frame 110
INFO:Encoding 0arcade-legendsr2.gif frame 110
INFO:Encoding 0arcade-legendsr2.gif frame 110
INFO:Encoding 0arcade-legendsr2.gif frame 110
INFO:Encoding 0arcade-legendsr2.gif frame 110
INFO:Encoding 0arcade-legendsr2.gif frame 111
INFO:Encoding 0arcade-legendsr2.gif frame 111
INFO:Encoding 0arcade-legendsr2.gif frame 111
INFO:Encoding 0arcade-legendsr2.gif frame 111
INFO:Encoding 0arcade-legendsr2.gif frame 111
INFO:Encoding 0arcade-legendsr2.gif frame 111
INFO:Encoding 0arcade-legendsr2.gif frame 111
INFO:Encoding 0arcade-legendsr2.gif frame 111
INFO:Encoding 0arcade-legendsr2.gif frame 112
INFO:Encoding 0arcade-legendsr2.gif frame 112
INFO:Encoding 0arcade-legendsr2.gif frame 112
INFO:Encoding 0arcade-legendsr2.gif frame 112
INFO:Encoding 0arcade-legendsr2.gif frame 112
INFO:Encoding 0arcade-legendsr2.gif frame 112
INFO:Encoding 0arcade-legendsr2.gif frame 112
INFO:Encoding 0arcade-legendsr2.gif frame 112
INFO:Encoding 0arcade-legendsr2.gif frame 113
INFO:Encoding 0arcade-legendsr2.gif frame 113
INFO:Encoding 0arcade-legendsr2.gif frame 113
INFO:Encoding 0arcade-legendsr2.gif frame 113
INFO:Encoding 0arcade-legendsr2.gif frame 113
INFO:Encoding 0arcade-legendsr2.gif frame 113
INFO:Encoding 0arcade-legendsr2.gif frame 113
INFO:Encoding 0arcade-legendsr2.gif frame 113
INFO:Encoding 0arcade-legendsr2.gif frame 114
INFO:Encoding 0arcade-legendsr2.gif frame 114
INFO:Encoding 0arcade-legendsr2.gif frame 114
INFO:Encoding 0arcade-legendsr2.gif frame 114
INFO:Encoding 0arcade-legendsr2.gif frame 114
INFO:Encoding 0arcade-legendsr2.gif frame 114
INFO:Encoding 0arcade-legendsr2.gif frame 114
INFO:Encoding 0arcade-legendsr2.gif frame 114
INFO:Encoding 0arcade-legendsr2.gif frame 115
INFO:Encoding 0arcade-legendsr2.gif frame 115
INFO:Encoding 0arcade-legendsr2.gif frame 115
INFO:Encoding 0arcade-legendsr2.gif frame 115
INFO:Encoding 0arcade-legendsr2.gif frame 115
INFO:Encoding 0arcade-legendsr2.gif frame 115
INFO:Encoding 0arcade-legendsr2.gif frame 115
INFO:Encoding 0arcade-legendsr2.gif frame 115
INFO:Encoding 0arcade-legendsr2.gif frame 116
INFO:Encoding 0arcade-legendsr2.gif frame 116
INFO:Encoding 0arcade-legendsr2.gif frame 116
INFO:Encoding 0arcade-legendsr2.gif frame 116
INFO:Encoding 0arcade-legendsr2.gif frame 116
INFO:Encoding 0arcade-legendsr2.gif frame 116
INFO:Encoding 0arcade-legendsr2.gif frame 116
INFO:Encoding 0arcade-legendsr2.gif frame 116
INFO:Encoding 0arcade-legendsr2.gif frame 117
INFO:Encoding 0arcade-legendsr2.gif frame 117
INFO:Encoding 0arcade-legendsr2.gif frame 117
INFO:Encoding 0arcade-legendsr2.gif frame 117
INFO:Encoding 0arcade-legendsr2.gif frame 117
INFO:Encoding 0arcade-legendsr2.gif frame 117
INFO:Encoding 0arcade-legendsr2.gif frame 117
INFO:Encoding 0arcade-legendsr2.gif frame 117
INFO:Encoding 0arcade-legendsr2.gif frame 118
INFO:Encoding 0arcade-legendsr2.gif frame 118
INFO:Encoding 0arcade-legendsr2.gif frame 118
INFO:Encoding 0arcade-legendsr2.gif frame 118
INFO:Encoding 0arcade-legendsr2.gif frame 118
INFO:Encoding 0arcade-legendsr2.gif frame 118
INFO:Encoding 0arcade-legendsr2.gif frame 118
INFO:Encoding 0arcade-legendsr2.gif frame 118
INFO:Encoding 0arcade-legendsr2.gif frame 119
INFO:Encoding 0arcade-legendsr2.gif frame 119
INFO:Encoding 0arcade-legendsr2.gif frame 119
INFO:Encoding 0arcade-legendsr2.gif frame 119
INFO:Encoding 0arcade-legendsr2.gif frame 119
INFO:Encoding 0arcade-legendsr2.gif frame 119
INFO:Encoding 0arcade-legendsr2.gif frame 119
INFO:Encoding 0arcade-legendsr2.gif frame 119
INFO:Encoding 0arcade-legendsr2.gif frame 120
INFO:Encoding 0arcade-legendsr2.gif frame 120
INFO:Encoding 0arcade-legendsr2.gif frame 120
INFO:Encoding 0arcade-legendsr2.gif frame 120
INFO:Encoding 0arcade-legendsr2.gif frame 120
INFO:Encoding 0arcade-legendsr2.gif frame 120
INFO:Encoding 0arcade-legendsr2.gif frame 120
INFO:Encoding 0arcade-legendsr2.gif frame 120
INFO:Encoding 0arcade-legendsr2.gif frame 121
INFO:Encoding 0arcade-legendsr2.gif frame 121
INFO:Encoding 0arcade-legendsr2.gif frame 121
INFO:Encoding 0arcade-legendsr2.gif frame 121
INFO:Encoding 0arcade-legendsr2.gif frame 121
INFO:Encoding 0arcade-legendsr2.gif frame 121
INFO:Encoding 0arcade-legendsr2.gif frame 121
INFO:Encoding 0arcade-legendsr2.gif frame 121
INFO:Encoding 0arcade-legendsr2.gif frame 122
INFO:Encoding 0arcade-legendsr2.gif frame 122
INFO:Encoding 0arcade-legendsr2.gif frame 122
INFO:Encoding 0arcade-legendsr2.gif frame 122
INFO:Encoding 0arcade-legendsr2.gif frame 122
INFO:Encoding 0arcade-legendsr2.gif frame 122
INFO:Encoding 0arcade-legendsr2.gif frame 122
INFO:Encoding 0arcade-legendsr2.gif frame 122
INFO:Encoding 0arcade-legendsr2.gif frame 123
INFO:Encoding 0arcade-legendsr2.gif frame 123
INFO:Encoding 0arcade-legendsr2.gif frame 123
INFO:Encoding 0arcade-legendsr2.gif frame 123
INFO:Encoding 0arcade-legendsr2.gif frame 123
INFO:Encoding 0arcade-legendsr2.gif frame 123
INFO:Encoding 0arcade-legendsr2.gif frame 123
INFO:Encoding 0arcade-legendsr2.gif frame 123
INFO:Encoding 0arcade-legendsr2.gif frame 124
INFO:Encoding 0arcade-legendsr2.gif frame 124
INFO:Encoding 0arcade-legendsr2.gif frame 124
INFO:Encoding 0arcade-legendsr2.gif frame 124
INFO:Encoding 0arcade-legendsr2.gif frame 124
INFO:Encoding 0arcade-legendsr2.gif frame 124
INFO:Encoding 0arcade-legendsr2.gif frame 124
INFO:Encoding 0arcade-legendsr2.gif frame 124
INFO:Encoding 0arcade-legendsr2.gif frame 125
INFO:Encoding 0arcade-legendsr2.gif frame 125
INFO:Encoding 0arcade-legendsr2.gif frame 125
INFO:Encoding 0arcade-legendsr2.gif frame 125
INFO:Encoding 0arcade-legendsr2.gif frame 125
INFO:Encoding 0arcade-legendsr2.gif frame 125
INFO:Encoding 0arcade-legendsr2.gif frame 125
INFO:Encoding 0arcade-legendsr2.gif frame 125
INFO:Encoding 0arcade-legendsr2.gif frame 126
INFO:Encoding 0arcade-legendsr2.gif frame 126
INFO:Encoding 0arcade-legendsr2.gif frame 126
INFO:Encoding 0arcade-legendsr2.gif frame 126
INFO:Encoding 0arcade-legendsr2.gif frame 126
INFO:Encoding 0arcade-legendsr2.gif frame 126
INFO:Encoding 0arcade-legendsr2.gif frame 126
INFO:Encoding 0arcade-legendsr2.gif frame 126
INFO:Encoding 0arcade-legendsr2.gif frame 127
INFO:Encoding 0arcade-legendsr2.gif frame 127
INFO:Encoding 0arcade-legendsr2.gif frame 127
INFO:Encoding 0arcade-legendsr2.gif frame 127
INFO:Encoding 0arcade-legendsr2.gif frame 127
INFO:Encoding 0arcade-legendsr2.gif frame 127
INFO:Encoding 0arcade-legendsr2.gif frame 127
INFO:Encoding 0arcade-legendsr2.gif frame 127
INFO:Encoding 0arcade-legendsr2.gif frame 128
INFO:Encoding 0arcade-legendsr2.gif frame 128
INFO:Encoding 0arcade-legendsr2.gif frame 128
INFO:Encoding 0arcade-legendsr2.gif frame 128
INFO:Encoding 0arcade-legendsr2.gif frame 128
INFO:Encoding 0arcade-legendsr2.gif frame 128
INFO:Encoding 0arcade-legendsr2.gif frame 128
INFO:Encoding 0arcade-legendsr2.gif frame 128
INFO:Encoding 0arcade-legendsr2.gif frame 129
INFO:Encoding 0arcade-legendsr2.gif frame 129
INFO:Encoding 0arcade-legendsr2.gif frame 129
INFO:Encoding 0arcade-legendsr2.gif frame 129
INFO:Encoding 0arcade-legendsr2.gif frame 129
INFO:Encoding 0arcade-legendsr2.gif frame 129
INFO:Encoding 0arcade-legendsr2.gif frame 129
INFO:Encoding 0arcade-legendsr2.gif frame 129
INFO:Encoding 0arcade-legendsr2.gif frame 130
INFO:Encoding 0arcade-legendsr2.gif frame 130
INFO:Encoding 0arcade-legendsr2.gif frame 130
INFO:Encoding 0arcade-legendsr2.gif frame 130
INFO:Encoding 0arcade-legendsr2.gif frame 130
INFO:Encoding 0arcade-legendsr2.gif frame 130
INFO:Encoding 0arcade-legendsr2.gif frame 130
INFO:Encoding 0arcade-legendsr2.gif frame 130
INFO:Encoding 0arcade-legendsr2.gif frame 131
INFO:Encoding 0arcade-legendsr2.gif frame 131
INFO:Encoding 0arcade-legendsr2.gif frame 131
INFO:Encoding 0arcade-legendsr2.gif frame 131
INFO:Encoding 0arcade-legendsr2.gif frame 131
INFO:Encoding 0arcade-legendsr2.gif frame 131
INFO:Encoding 0arcade-legendsr2.gif frame 131
INFO:Encoding 0arcade-legendsr2.gif frame 131
INFO:Encoding 0arcade-legendsr2.gif frame 132
INFO:Encoding 0arcade-legendsr2.gif frame 132
INFO:Encoding 0arcade-legendsr2.gif frame 132
INFO:Encoding 0arcade-legendsr2.gif frame 132
INFO:Encoding 0arcade-legendsr2.gif frame 132
INFO:Encoding 0arcade-legendsr2.gif frame 132
INFO:Encoding 0arcade-legendsr2.gif frame 132
INFO:Encoding 0arcade-legendsr2.gif frame 132
INFO:Encoding 0arcade-legendsr2.gif frame 133
INFO:Encoding 0arcade-legendsr2.gif frame 133
INFO:Encoding 0arcade-legendsr2.gif frame 133
INFO:Encoding 0arcade-legendsr2.gif frame 133
INFO:Encoding 0arcade-legendsr2.gif frame 133
INFO:Encoding 0arcade-legendsr2.gif frame 133
INFO:Encoding 0arcade-legendsr2.gif frame 133
INFO:Encoding 0arcade-legendsr2.gif frame 133
INFO:Encoding 0arcade-legendsr2.gif frame 134
INFO:Encoding 0arcade-legendsr2.gif frame 134
INFO:Encoding 0arcade-legendsr2.gif frame 134
INFO:Encoding 0arcade-legendsr2.gif frame 134
INFO:Encoding 0arcade-legendsr2.gif frame 134
INFO:Encoding 0arcade-legendsr2.gif frame 134
INFO:Encoding 0arcade-legendsr2.gif frame 134
INFO:Encoding 0arcade-legendsr2.gif frame 134
INFO:Encoding 0arcade-legendsr2.gif frame 135
INFO:Encoding 0arcade-legendsr2.gif frame 135
INFO:Encoding 0arcade-legendsr2.gif frame 135
INFO:Encoding 0arcade-legendsr2.gif frame 135
INFO:Encoding 0arcade-legendsr2.gif frame 135
INFO:Encoding 0arcade-legendsr2.gif frame 135
INFO:Encoding 0arcade-legendsr2.gif frame 135
INFO:Encoding 0arcade-legendsr2.gif frame 135
INFO:Encoding 0arcade-legendsr2.gif frame 136
INFO:Encoding 0arcade-legendsr2.gif frame 136
INFO:Encoding 0arcade-legendsr2.gif frame 136
INFO:Encoding 0arcade-legendsr2.gif frame 136
INFO:Encoding 0arcade-legendsr2.gif frame 136
INFO:Encoding 0arcade-legendsr2.gif frame 136
INFO:Encoding 0arcade-legendsr2.gif frame 136
INFO:Encoding 0arcade-legendsr2.gif frame 136
INFO:Encoding 0arcade-legendsr2.gif frame 137
INFO:Encoding 0arcade-legendsr2.gif frame 137
INFO:Encoding 0arcade-legendsr2.gif frame 137
INFO:Encoding 0arcade-legendsr2.gif frame 137
INFO:Encoding 0arcade-legendsr2.gif frame 137
INFO:Encoding 0arcade-legendsr2.gif frame 137
INFO:Encoding 0arcade-legendsr2.gif frame 137
INFO:Encoding 0arcade-legendsr2.gif frame 137
INFO:Encoding 0arcade-legendsr2.gif frame 138
INFO:Encoding 0arcade-legendsr2.gif frame 138
INFO:Encoding 0arcade-legendsr2.gif frame 138
INFO:Encoding 0arcade-legendsr2.gif frame 138
INFO:Encoding 0arcade-legendsr2.gif frame 138
INFO:Encoding 0arcade-legendsr2.gif frame 138
INFO:Encoding 0arcade-legendsr2.gif frame 138
INFO:Encoding 0arcade-legendsr2.gif frame 138
INFO:Encoding 0arcade-legendsr2.gif frame 139
INFO:Encoding 0arcade-legendsr2.gif frame 139
INFO:Encoding 0arcade-legendsr2.gif frame 139
INFO:Encoding 0arcade-legendsr2.gif frame 139
INFO:Encoding 0arcade-legendsr2.gif frame 139
INFO:Encoding 0arcade-legendsr2.gif frame 139
INFO:Encoding 0arcade-legendsr2.gif frame 139
INFO:Encoding 0arcade-legendsr2.gif frame 139
INFO:Encoding 0arcade-legendsr2.gif frame 140
INFO:Encoding 0arcade-legendsr2.gif frame 140
INFO:Encoding 0arcade-legendsr2.gif frame 140
INFO:Encoding 0arcade-legendsr2.gif frame 140
INFO:Encoding 0arcade-legendsr2.gif frame 140
INFO:Encoding 0arcade-legendsr2.gif frame 140
INFO:Encoding 0arcade-legendsr2.gif frame 140
INFO:Encoding 0arcade-legendsr2.gif frame 140
INFO:Encoding 0arcade-legendsr2.gif frame 141
INFO:Encoding 0arcade-legendsr2.gif frame 141
INFO:Encoding 0arcade-legendsr2.gif frame 141
INFO:Encoding 0arcade-legendsr2.gif frame 141
INFO:Encoding 0arcade-legendsr2.gif frame 141
INFO:Encoding 0arcade-legendsr2.gif frame 141
INFO:Encoding 0arcade-legendsr2.gif frame 141
INFO:Encoding 0arcade-legendsr2.gif frame 141
INFO:Encoding 0arcade-legendsr2.gif frame 142
INFO:Encoding 0arcade-legendsr2.gif frame 142
INFO:Encoding 0arcade-legendsr2.gif frame 142
INFO:Encoding 0arcade-legendsr2.gif frame 142
INFO:Encoding 0arcade-legendsr2.gif frame 142
INFO:Encoding 0arcade-legendsr2.gif frame 142
INFO:Encoding 0arcade-legendsr2.gif frame 142
INFO:Encoding 0arcade-legendsr2.gif frame 142
INFO:Encoding 0arcade-legendsr2.gif frame 143
INFO:Encoding 0arcade-legendsr2.gif frame 143
INFO:Encoding 0arcade-legendsr2.gif frame 143
INFO:Encoding 0arcade-legendsr2.gif frame 143
INFO:Encoding 0arcade-legendsr2.gif frame 143
INFO:Encoding 0arcade-legendsr2.gif frame 143
INFO:Encoding 0arcade-legendsr2.gif frame 143
INFO:Encoding 0arcade-legendsr2.gif frame 143
INFO:Encoding 0arcade-legendsr2.gif frame 144
INFO:Encoding 0arcade-legendsr2.gif frame 144
INFO:Encoding 0arcade-legendsr2.gif frame 144
INFO:Encoding 0arcade-legendsr2.gif frame 144
INFO:Encoding 0arcade-legendsr2.gif frame 144
INFO:Encoding 0arcade-legendsr2.gif frame 144
INFO:Encoding 0arcade-legendsr2.gif frame 144
INFO:Encoding 0arcade-legendsr2.gif frame 144
INFO:Encoding 0arcade-legendsr2.gif frame 145
INFO:Encoding 0arcade-legendsr2.gif frame 145
INFO:Encoding 0arcade-legendsr2.gif frame 145
INFO:Encoding 0arcade-legendsr2.gif frame 145
INFO:Encoding 0arcade-legendsr2.gif frame 145
INFO:Encoding 0arcade-legendsr2.gif frame 145
INFO:Encoding 0arcade-legendsr2.gif frame 145
INFO:Encoding 0arcade-legendsr2.gif frame 145
INFO:Encoding 0arcade-legendsr2.gif frame 146
INFO:Encoding 0arcade-legendsr2.gif frame 146
INFO:Encoding 0arcade-legendsr2.gif frame 146
INFO:Encoding 0arcade-legendsr2.gif frame 146
INFO:Encoding 0arcade-legendsr2.gif frame 146
INFO:Encoding 0arcade-legendsr2.gif frame 146
INFO:Encoding 0arcade-legendsr2.gif frame 146
INFO:Encoding 0arcade-legendsr2.gif frame 146
INFO:Encoding 0arcade-legendsr2.gif frame 147
INFO:Encoding 0arcade-legendsr2.gif frame 147
INFO:Encoding 0arcade-legendsr2.gif frame 147
INFO:Encoding 0arcade-legendsr2.gif frame 147
INFO:Encoding 0arcade-legendsr2.gif frame 147
INFO:Encoding 0arcade-legendsr2.gif frame 147
INFO:Encoding 0arcade-legendsr2.gif frame 147
INFO:Encoding 0arcade-legendsr2.gif frame 147
INFO:Encoding 0arcade-legendsr2.gif frame 148
INFO:Encoding 0arcade-legendsr2.gif frame 148
INFO:Encoding 0arcade-legendsr2.gif frame 148
INFO:Encoding 0arcade-legendsr2.gif frame 148
INFO:Encoding 0arcade-legendsr2.gif frame 148
INFO:Encoding 0arcade-legendsr2.gif frame 148
INFO:Encoding 0arcade-legendsr2.gif frame 148
INFO:Encoding 0arcade-legendsr2.gif frame 148
INFO:Encoding 0arcade-legendsr2.gif frame 149
INFO:Encoding 0arcade-legendsr2.gif frame 149
INFO:Encoding 0arcade-legendsr2.gif frame 149
INFO:Encoding 0arcade-legendsr2.gif frame 149
INFO:Encoding 0arcade-legendsr2.gif frame 149
INFO:Encoding 0arcade-legendsr2.gif frame 149
INFO:Encoding 0arcade-legendsr2.gif frame 149
INFO:Encoding 0arcade-legendsr2.gif frame 149
INFO:Encoding 0arcade-legendsr2.gif frame 150
INFO:Encoding 0arcade-legendsr2.gif frame 150
INFO:Encoding 0arcade-legendsr2.gif frame 150
INFO:Encoding 0arcade-legendsr2.gif frame 150
INFO:Encoding 0arcade-legendsr2.gif frame 150
INFO:Encoding 0arcade-legendsr2.gif frame 150
INFO:Encoding 0arcade-legendsr2.gif frame 150
INFO:Encoding 0arcade-legendsr2.gif frame 150
INFO:Encoding 0arcade-legendsr2.gif frame 151
INFO:Encoding 0arcade-legendsr2.gif frame 151
INFO:Encoding 0arcade-legendsr2.gif frame 151
INFO:Encoding 0arcade-legendsr2.gif frame 151
INFO:Encoding 0arcade-legendsr2.gif frame 151
INFO:Encoding 0arcade-legendsr2.gif frame 151
INFO:Encoding 0arcade-legendsr2.gif frame 151
INFO:Encoding 0arcade-legendsr2.gif frame 151
INFO:Encoding 0arcade-legendsr2.gif frame 152
INFO:Encoding 0arcade-legendsr2.gif frame 152
INFO:Encoding 0arcade-legendsr2.gif frame 152
INFO:Encoding 0arcade-legendsr2.gif frame 152
INFO:Encoding 0arcade-legendsr2.gif frame 152
INFO:Encoding 0arcade-legendsr2.gif frame 152
INFO:Encoding 0arcade-legendsr2.gif frame 152
INFO:Encoding 0arcade-legendsr2.gif frame 152
INFO:Encoding 0arcade-legendsr2.gif frame 153
INFO:Encoding 0arcade-legendsr2.gif frame 153
INFO:Encoding 0arcade-legendsr2.gif frame 153
INFO:Encoding 0arcade-legendsr2.gif frame 153
INFO:Encoding 0arcade-legendsr2.gif frame 153
INFO:Encoding 0arcade-legendsr2.gif frame 153
INFO:Encoding 0arcade-legendsr2.gif frame 153
INFO:Encoding 0arcade-legendsr2.gif frame 153
INFO:Encoding 0arcade-legendsr2.gif frame 154
INFO:Encoding 0arcade-legendsr2.gif frame 154
INFO:Encoding 0arcade-legendsr2.gif frame 154
INFO:Encoding 0arcade-legendsr2.gif frame 154
INFO:Encoding 0arcade-legendsr2.gif frame 154
INFO:Encoding 0arcade-legendsr2.gif frame 154
INFO:Encoding 0arcade-legendsr2.gif frame 154
INFO:Encoding 0arcade-legendsr2.gif frame 154
INFO:Encoding 0arcade-legendsr2.gif frame 155
INFO:Encoding 0arcade-legendsr2.gif frame 155
INFO:Encoding 0arcade-legendsr2.gif frame 155
INFO:Encoding 0arcade-legendsr2.gif frame 155
INFO:Encoding 0arcade-legendsr2.gif frame 155
INFO:Encoding 0arcade-legendsr2.gif frame 155
INFO:Encoding 0arcade-legendsr2.gif frame 155
INFO:Encoding 0arcade-legendsr2.gif frame 155
INFO:Encoding 0arcade-legendsr2.gif frame 156
INFO:Encoding 0arcade-legendsr2.gif frame 156
INFO:Encoding 0arcade-legendsr2.gif frame 156
INFO:Encoding 0arcade-legendsr2.gif frame 156
INFO:Encoding 0arcade-legendsr2.gif frame 156
INFO:Encoding 0arcade-legendsr2.gif frame 156
INFO:Encoding 0arcade-legendsr2.gif frame 156
INFO:Encoding 0arcade-legendsr2.gif frame 156
INFO:Encoding 0arcade-legendsr2.gif frame 157
INFO:Encoding 0arcade-legendsr2.gif frame 157
INFO:Encoding 0arcade-legendsr2.gif frame 157
INFO:Encoding 0arcade-legendsr2.gif frame 157
INFO:Encoding 0arcade-legendsr2.gif frame 157
INFO:Encoding 0arcade-legendsr2.gif frame 157
INFO:Encoding 0arcade-legendsr2.gif frame 157
INFO:Encoding 0arcade-legendsr2.gif frame 157
INFO:Encoding 0arcade-legendsr2.gif frame 158
INFO:Encoding 0arcade-legendsr2.gif frame 158
INFO:Encoding 0arcade-legendsr2.gif frame 158
INFO:Encoding 0arcade-legendsr2.gif frame 158
INFO:Encoding 0arcade-legendsr2.gif frame 158
INFO:Encoding 0arcade-legendsr2.gif frame 158
INFO:Encoding 0arcade-legendsr2.gif frame 158
INFO:Encoding 0arcade-legendsr2.gif frame 158
INFO:Encoding 0arcade-legendsr2.gif frame 159
INFO:Encoding 0arcade-legendsr2.gif frame 159
INFO:Encoding 0arcade-legendsr2.gif frame 159
INFO:Encoding 0arcade-legendsr2.gif frame 159
INFO:Encoding 0arcade-legendsr2.gif frame 159
INFO:Encoding 0arcade-legendsr2.gif frame 159
INFO:Encoding 0arcade-legendsr2.gif frame 159
INFO:Encoding 0arcade-legendsr2.gif frame 159
INFO:Encoding 0arcade-legendsr2.gif frame 160
INFO:Encoding 0arcade-legendsr2.gif frame 160
INFO:Encoding 0arcade-legendsr2.gif frame 160
INFO:Encoding 0arcade-legendsr2.gif frame 160
INFO:Encoding 0arcade-legendsr2.gif frame 160
INFO:Encoding 0arcade-legendsr2.gif frame 160
INFO:Encoding 0arcade-legendsr2.gif frame 160
INFO:Encoding 0arcade-legendsr2.gif frame 160
INFO:Encoding 0arcade-legendsr2.gif frame 161
INFO:Encoding 0arcade-legendsr2.gif frame 161
INFO:Encoding 0arcade-legendsr2.gif frame 161
INFO:Encoding 0arcade-legendsr2.gif frame 161
INFO:Encoding 0arcade-legendsr2.gif frame 161
INFO:Encoding 0arcade-legendsr2.gif frame 161
INFO:Encoding 0arcade-legendsr2.gif frame 161
INFO:Encoding 0arcade-legendsr2.gif frame 161
INFO:Encoding 0arcade-legendsr2.gif frame 162
INFO:Encoding 0arcade-legendsr2.gif frame 162
INFO:Encoding 0arcade-legendsr2.gif frame 162
INFO:Encoding 0arcade-legendsr2.gif frame 162
INFO:Encoding 0arcade-legendsr2.gif frame 162
INFO:Encoding 0arcade-legendsr2.gif frame 162
INFO:Encoding 0arcade-legendsr2.gif frame 162
INFO:Encoding 0arcade-legendsr2.gif frame 162
INFO:Encoding 0arcade-legendsr2.gif frame 163
INFO:Encoding 0arcade-legendsr2.gif frame 163
INFO:Encoding 0arcade-legendsr2.gif frame 163
INFO:Encoding 0arcade-legendsr2.gif frame 163
INFO:Encoding 0arcade-legendsr2.gif frame 163
INFO:Encoding 0arcade-legendsr2.gif frame 163
INFO:Encoding 0arcade-legendsr2.gif frame 163
INFO:Encoding 0arcade-legendsr2.gif frame 163
INFO:Encoding 0arcade-legendsr2.gif frame 164
INFO:Encoding 0arcade-legendsr2.gif frame 164
INFO:Encoding 0arcade-legendsr2.gif frame 164
INFO:Encoding 0arcade-legendsr2.gif frame 164
INFO:Encoding 0arcade-legendsr2.gif frame 164
INFO:Encoding 0arcade-legendsr2.gif frame 164
INFO:Encoding 0arcade-legendsr2.gif frame 164
INFO:Encoding 0arcade-legendsr2.gif frame 164
INFO:Encoding 0arcade-legendsr2.gif frame 165
INFO:Encoding 0arcade-legendsr2.gif frame 165
INFO:Encoding 0arcade-legendsr2.gif frame 165
INFO:Encoding 0arcade-legendsr2.gif frame 165
INFO:Encoding 0arcade-legendsr2.gif frame 165
INFO:Encoding 0arcade-legendsr2.gif frame 165
INFO:Encoding 0arcade-legendsr2.gif frame 165
INFO:Encoding 0arcade-legendsr2.gif frame 165
INFO:Encoding 0arcade-legendsr2.gif frame 166
INFO:Encoding 0arcade-legendsr2.gif frame 166
INFO:Encoding 0arcade-legendsr2.gif frame 166
INFO:Encoding 0arcade-legendsr2.gif frame 166
INFO:Encoding 0arcade-legendsr2.gif frame 166
INFO:Encoding 0arcade-legendsr2.gif frame 166
INFO:Encoding 0arcade-legendsr2.gif frame 166
INFO:Encoding 0arcade-legendsr2.gif frame 166
INFO:Encoding 0arcade-legendsr2.gif frame 167
INFO:Encoding 0arcade-legendsr2.gif frame 167
INFO:Encoding 0arcade-legendsr2.gif frame 167
INFO:Encoding 0arcade-legendsr2.gif frame 167
INFO:Encoding 0arcade-legendsr2.gif frame 167
INFO:Encoding 0arcade-legendsr2.gif frame 167
INFO:Encoding 0arcade-legendsr2.gif frame 167
INFO:Encoding 0arcade-legendsr2.gif frame 167
INFO:Encoding 0arcade-legendsr2.gif frame 168
INFO:Encoding 0arcade-legendsr2.gif frame 168
INFO:Encoding 0arcade-legendsr2.gif frame 168
INFO:Encoding 0arcade-legendsr2.gif frame 168
INFO:Encoding 0arcade-legendsr2.gif frame 168
INFO:Encoding 0arcade-legendsr2.gif frame 168
INFO:Encoding 0arcade-legendsr2.gif frame 168
INFO:Encoding 0arcade-legendsr2.gif frame 168
INFO:Encoding 0arcade-legendsr2.gif frame 169
INFO:Encoding 0arcade-legendsr2.gif frame 169
INFO:Encoding 0arcade-legendsr2.gif frame 169
INFO:Encoding 0arcade-legendsr2.gif frame 169
INFO:Encoding 0arcade-legendsr2.gif frame 169
INFO:Encoding 0arcade-legendsr2.gif frame 169
INFO:Encoding 0arcade-legendsr2.gif frame 169
INFO:Encoding 0arcade-legendsr2.gif frame 169
INFO:Encoding 0arcade-legendsr2.gif frame 170
INFO:Encoding 0arcade-legendsr2.gif frame 170
INFO:Encoding 0arcade-legendsr2.gif frame 170
INFO:Encoding 0arcade-legendsr2.gif frame 170
INFO:Encoding 0arcade-legendsr2.gif frame 170
INFO:Encoding 0arcade-legendsr2.gif frame 170
INFO:Encoding 0arcade-legendsr2.gif frame 170
INFO:Encoding 0arcade-legendsr2.gif frame 170
INFO:Encoding 0arcade-legendsr2.gif frame 171
INFO:Encoding 0arcade-legendsr2.gif frame 171
INFO:Encoding 0arcade-legendsr2.gif frame 171
INFO:Encoding 0arcade-legendsr2.gif frame 171
INFO:Encoding 0arcade-legendsr2.gif frame 171
INFO:Encoding 0arcade-legendsr2.gif frame 171
INFO:Encoding 0arcade-legendsr2.gif frame 171
INFO:Encoding 0arcade-legendsr2.gif frame 171
INFO:Encoding 0arcade-legendsr2.gif frame 172
INFO:Encoding 0arcade-legendsr2.gif frame 172
INFO:Encoding 0arcade-legendsr2.gif frame 172
INFO:Encoding 0arcade-legendsr2.gif frame 172
INFO:Encoding 0arcade-legendsr2.gif frame 172
INFO:Encoding 0arcade-legendsr2.gif frame 172
INFO:Encoding 0arcade-legendsr2.gif frame 172
INFO:Encoding 0arcade-legendsr2.gif frame 172
INFO:Encoding 0arcade-legendsr2.gif frame 173
INFO:Encoding 0arcade-legendsr2.gif frame 173
INFO:Encoding 0arcade-legendsr2.gif frame 173
INFO:Encoding 0arcade-legendsr2.gif frame 173
INFO:Encoding 0arcade-legendsr2.gif frame 173
INFO:Encoding 0arcade-legendsr2.gif frame 173
INFO:Encoding 0arcade-legendsr2.gif frame 173
INFO:Encoding 0arcade-legendsr2.gif frame 173
INFO:Encoding 0arcade-legendsr2.gif frame 174
INFO:Encoding 0arcade-legendsr2.gif frame 174
INFO:Encoding 0arcade-legendsr2.gif frame 174
INFO:Encoding 0arcade-legendsr2.gif frame 174
INFO:Encoding 0arcade-legendsr2.gif frame 174
INFO:Encoding 0arcade-legendsr2.gif frame 174
INFO:Encoding 0arcade-legendsr2.gif frame 174
INFO:Encoding 0arcade-legendsr2.gif frame 174
INFO:Encoding 0arcade-legendsr2.gif frame 175
INFO:Encoding 0arcade-legendsr2.gif frame 175
INFO:Encoding 0arcade-legendsr2.gif frame 175
INFO:Encoding 0arcade-legendsr2.gif frame 175
INFO:Encoding 0arcade-legendsr2.gif frame 175
INFO:Encoding 0arcade-legendsr2.gif frame 175
INFO:Encoding 0arcade-legendsr2.gif frame 175
INFO:Encoding 0arcade-legendsr2.gif frame 175
INFO:Encoding 0arcade-legendsr2.gif frame 176
INFO:Encoding 0arcade-legendsr2.gif frame 176
INFO:Encoding 0arcade-legendsr2.gif frame 176
INFO:Encoding 0arcade-legendsr2.gif frame 176
INFO:Encoding 0arcade-legendsr2.gif frame 176
INFO:Encoding 0arcade-legendsr2.gif frame 176
INFO:Encoding 0arcade-legendsr2.gif frame 176
INFO:Encoding 0arcade-legendsr2.gif frame 176
INFO:Encoding 0arcade-legendsr2.gif frame 177
INFO:Encoding 0arcade-legendsr2.gif frame 177
INFO:Encoding 0arcade-legendsr2.gif frame 177
INFO:Encoding 0arcade-legendsr2.gif frame 177
INFO:Encoding 0arcade-legendsr2.gif frame 177
INFO:Encoding 0arcade-legendsr2.gif frame 177
INFO:Encoding 0arcade-legendsr2.gif frame 177
INFO:Encoding 0arcade-legendsr2.gif frame 177
INFO:Encoding 0arcade-legendsr2.gif frame 178
INFO:Encoding 0arcade-legendsr2.gif frame 178
INFO:Encoding 0arcade-legendsr2.gif frame 178
INFO:Encoding 0arcade-legendsr2.gif frame 178
INFO:Encoding 0arcade-legendsr2.gif frame 178
INFO:Encoding 0arcade-legendsr2.gif frame 178
INFO:Encoding 0arcade-legendsr2.gif frame 178
INFO:Encoding 0arcade-legendsr2.gif frame 178
INFO:Encoding 0arcade-legendsr2.gif frame 179
INFO:Encoding 0arcade-legendsr2.gif frame 179
INFO:Encoding 0arcade-legendsr2.gif frame 179
INFO:Encoding 0arcade-legendsr2.gif frame 179
INFO:Encoding 0arcade-legendsr2.gif frame 179
INFO:Encoding 0arcade-legendsr2.gif frame 179
INFO:Encoding 0arcade-legendsr2.gif frame 179
INFO:Encoding 0arcade-legendsr2.gif frame 179
INFO:Encoding 0arcade-legendsr2.gif frame 180
INFO:Encoding 0arcade-legendsr2.gif frame 180
INFO:Encoding 0arcade-legendsr2.gif frame 180
INFO:Encoding 0arcade-legendsr2.gif frame 180
INFO:Encoding 0arcade-legendsr2.gif frame 180
INFO:Encoding 0arcade-legendsr2.gif frame 180
INFO:Encoding 0arcade-legendsr2.gif frame 180
INFO:Encoding 0arcade-legendsr2.gif frame 180
INFO:Encoding 0arcade-legendsr2.gif frame 181
INFO:Encoding 0arcade-legendsr2.gif frame 181
INFO:Encoding 0arcade-legendsr2.gif frame 181
INFO:Encoding 0arcade-legendsr2.gif frame 181
INFO:Encoding 0arcade-legendsr2.gif frame 181
INFO:Encoding 0arcade-legendsr2.gif frame 181
INFO:Encoding 0arcade-legendsr2.gif frame 181
INFO:Encoding 0arcade-legendsr2.gif frame 181
INFO:Encoding 0arcade-legendsr2.gif frame 182
INFO:Encoding 0arcade-legendsr2.gif frame 182
INFO:Encoding 0arcade-legendsr2.gif frame 182
INFO:Encoding 0arcade-legendsr2.gif frame 182
INFO:Encoding 0arcade-legendsr2.gif frame 182
INFO:Encoding 0arcade-legendsr2.gif frame 182
INFO:Encoding 0arcade-legendsr2.gif frame 182
INFO:Encoding 0arcade-legendsr2.gif frame 182
INFO:Encoding 0arcade-legendsr2.gif frame 183
INFO:Encoding 0arcade-legendsr2.gif frame 183
INFO:Encoding 0arcade-legendsr2.gif frame 183
INFO:Encoding 0arcade-legendsr2.gif frame 183
INFO:Encoding 0arcade-legendsr2.gif frame 183
INFO:Encoding 0arcade-legendsr2.gif frame 183
INFO:Encoding 0arcade-legendsr2.gif frame 183
INFO:Encoding 0arcade-legendsr2.gif frame 183
INFO:Encoding 0arcade-legendsr2.gif frame 184
INFO:Encoding 0arcade-legendsr2.gif frame 184
INFO:Encoding 0arcade-legendsr2.gif frame 184
INFO:Encoding 0arcade-legendsr2.gif frame 184
INFO:Encoding 0arcade-legendsr2.gif frame 184
INFO:Encoding 0arcade-legendsr2.gif frame 184
INFO:Encoding 0arcade-legendsr2.gif frame 184
INFO:Encoding 0arcade-legendsr2.gif frame 184
INFO:Encoding 0arcade-legendsr2.gif frame 185
INFO:Encoding 0arcade-legendsr2.gif frame 185
INFO:Encoding 0arcade-legendsr2.gif frame 185
INFO:Encoding 0arcade-legendsr2.gif frame 185
INFO:Encoding 0arcade-legendsr2.gif frame 185
INFO:Encoding 0arcade-legendsr2.gif frame 185
INFO:Encoding 0arcade-legendsr2.gif frame 185
INFO:Encoding 0arcade-legendsr2.gif frame 185
INFO:Encoding 0arcade-legendsr2.gif frame 186
INFO:Encoding 0arcade-legendsr2.gif frame 186
INFO:Encoding 0arcade-legendsr2.gif frame 186
INFO:Encoding 0arcade-legendsr2.gif frame 186
INFO:Encoding 0arcade-legendsr2.gif frame 186
INFO:Encoding 0arcade-legendsr2.gif frame 186
INFO:Encoding 0arcade-legendsr2.gif frame 186
INFO:Encoding 0arcade-legendsr2.gif frame 186
INFO:Encoding 0arcade-legendsr2.gif frame 187
INFO:Encoding 0arcade-legendsr2.gif frame 187
INFO:Encoding 0arcade-legendsr2.gif frame 187
INFO:Encoding 0arcade-legendsr2.gif frame 187
INFO:Encoding 0arcade-legendsr2.gif frame 187
INFO:Encoding 0arcade-legendsr2.gif frame 187
INFO:Encoding 0arcade-legendsr2.gif frame 187
INFO:Encoding 0arcade-legendsr2.gif frame 187
INFO:Encoding 0arcade-legendsr2.gif frame 188
INFO:Encoding 0arcade-legendsr2.gif frame 188
INFO:Encoding 0arcade-legendsr2.gif frame 188
INFO:Encoding 0arcade-legendsr2.gif frame 188
INFO:Encoding 0arcade-legendsr2.gif frame 188
INFO:Encoding 0arcade-legendsr2.gif frame 188
INFO:Encoding 0arcade-legendsr2.gif frame 188
INFO:Encoding 0arcade-legendsr2.gif frame 188
INFO:Encoding 0arcade-legendsr2.gif frame 189
INFO:Encoding 0arcade-legendsr2.gif frame 189
INFO:Encoding 0arcade-legendsr2.gif frame 189
INFO:Encoding 0arcade-legendsr2.gif frame 189
INFO:Encoding 0arcade-legendsr2.gif frame 189
INFO:Encoding 0arcade-legendsr2.gif frame 189
INFO:Encoding 0arcade-legendsr2.gif frame 189
INFO:Encoding 0arcade-legendsr2.gif frame 189
INFO:Encoding 0arcade-legendsr2.gif frame 190
INFO:Encoding 0arcade-legendsr2.gif frame 190
INFO:Encoding 0arcade-legendsr2.gif frame 190
INFO:Encoding 0arcade-legendsr2.gif frame 190
INFO:Encoding 0arcade-legendsr2.gif frame 190
INFO:Encoding 0arcade-legendsr2.gif frame 190
INFO:Encoding 0arcade-legendsr2.gif frame 190
INFO:Encoding 0arcade-legendsr2.gif frame 190
INFO:Encoding 0arcade-legendsr2.gif frame 191
INFO:Encoding 0arcade-legendsr2.gif frame 191
INFO:Encoding 0arcade-legendsr2.gif frame 191
INFO:Encoding 0arcade-legendsr2.gif frame 191
INFO:Encoding 0arcade-legendsr2.gif frame 191
INFO:Encoding 0arcade-legendsr2.gif frame 191
INFO:Encoding 0arcade-legendsr2.gif frame 191
INFO:Encoding 0arcade-legendsr2.gif frame 191
INFO:Encoding 0arcade-legendsr2.gif frame 192
INFO:Encoding 0arcade-legendsr2.gif frame 192
INFO:Encoding 0arcade-legendsr2.gif frame 192
INFO:Encoding 0arcade-legendsr2.gif frame 192
INFO:Encoding 0arcade-legendsr2.gif frame 192
INFO:Encoding 0arcade-legendsr2.gif frame 192
INFO:Encoding 0arcade-legendsr2.gif frame 192
INFO:Encoding 0arcade-legendsr2.gif frame 192
INFO:Encoding 0arcade-legendsr2.gif frame 193
INFO:Encoding 0arcade-legendsr2.gif frame 193
INFO:Encoding 0arcade-legendsr2.gif frame 193
INFO:Encoding 0arcade-legendsr2.gif frame 193
INFO:Encoding 0arcade-legendsr2.gif frame 193
INFO:Encoding 0arcade-legendsr2.gif frame 193
INFO:Encoding 0arcade-legendsr2.gif frame 193
INFO:Encoding 0arcade-legendsr2.gif frame 193
INFO:Encoding 0arcade-legendsr2.gif frame 194
INFO:Encoding 0arcade-legendsr2.gif frame 194
INFO:Encoding 0arcade-legendsr2.gif frame 194
INFO:Encoding 0arcade-legendsr2.gif frame 194
INFO:Encoding 0arcade-legendsr2.gif frame 194
INFO:Encoding 0arcade-legendsr2.gif frame 194
INFO:Encoding 0arcade-legendsr2.gif frame 194
INFO:Encoding 0arcade-legendsr2.gif frame 194
INFO:Encoding 0arcade-legendsr2.gif frame 195
INFO:Encoding 0arcade-legendsr2.gif frame 195
INFO:Encoding 0arcade-legendsr2.gif frame 195
INFO:Encoding 0arcade-legendsr2.gif frame 195
INFO:Encoding 0arcade-legendsr2.gif frame 195
INFO:Encoding 0arcade-legendsr2.gif frame 195
INFO:Encoding 0arcade-legendsr2.gif frame 195
INFO:Encoding 0arcade-legendsr2.gif frame 195
INFO:Encoding 0arcade-legendsr2.gif frame 196
INFO:Encoding 0arcade-legendsr2.gif frame 196
INFO:Encoding 0arcade-legendsr2.gif frame 196
INFO:Encoding 0arcade-legendsr2.gif frame 196
INFO:Encoding 0arcade-legendsr2.gif frame 196
INFO:Encoding 0arcade-legendsr2.gif frame 196
INFO:Encoding 0arcade-legendsr2.gif frame 196
INFO:Encoding 0arcade-legendsr2.gif frame 196
INFO:Encoding 0arcade-legendsr2.gif frame 197
INFO:Encoding 0arcade-legendsr2.gif frame 197
INFO:Encoding 0arcade-legendsr2.gif frame 197
INFO:Encoding 0arcade-legendsr2.gif frame 197
INFO:Encoding 0arcade-legendsr2.gif frame 197
INFO:Encoding 0arcade-legendsr2.gif frame 197
INFO:Encoding 0arcade-legendsr2.gif frame 197
INFO:Encoding 0arcade-legendsr2.gif frame 197
INFO:Encoding 0arcade-legendsr2.gif frame 198
INFO:Encoding 0arcade-legendsr2.gif frame 198
INFO:Encoding 0arcade-legendsr2.gif frame 198
INFO:Encoding 0arcade-legendsr2.gif frame 198
INFO:Encoding 0arcade-legendsr2.gif frame 198
INFO:Encoding 0arcade-legendsr2.gif frame 198
INFO:Encoding 0arcade-legendsr2.gif frame 198
INFO:Encoding 0arcade-legendsr2.gif frame 198
INFO:Encoding 0arcade-legendsr2.gif frame 199
INFO:Encoding 0arcade-legendsr2.gif frame 199
INFO:Encoding 0arcade-legendsr2.gif frame 199
INFO:Encoding 0arcade-legendsr2.gif frame 199
INFO:Encoding 0arcade-legendsr2.gif frame 199
INFO:Encoding 0arcade-legendsr2.gif frame 199
INFO:Encoding 0arcade-legendsr2.gif frame 199
INFO:Encoding 0arcade-legendsr2.gif frame 199
INFO:Encoding 0arcade-legendsr2.gif frame 200
INFO:Encoding 0arcade-legendsr2.gif frame 200
INFO:Encoding 0arcade-legendsr2.gif frame 200
INFO:Encoding 0arcade-legendsr2.gif frame 200
INFO:Encoding 0arcade-legendsr2.gif frame 200
INFO:Encoding 0arcade-legendsr2.gif frame 200
INFO:Encoding 0arcade-legendsr2.gif frame 200
INFO:Encoding 0arcade-legendsr2.gif frame 200
INFO:Encoding 0arcade-legendsr2.gif frame 201
INFO:Encoding 0arcade-legendsr2.gif frame 201
INFO:Encoding 0arcade-legendsr2.gif frame 201
INFO:Encoding 0arcade-legendsr2.gif frame 201
INFO:Encoding 0arcade-legendsr2.gif frame 201
INFO:Encoding 0arcade-legendsr2.gif frame 201
INFO:Encoding 0arcade-legendsr2.gif frame 201
INFO:Encoding 0arcade-legendsr2.gif frame 201
INFO:Encoding 0arcade-legendsr2.gif frame 202
INFO:Encoding 0arcade-legendsr2.gif frame 202
INFO:Encoding 0arcade-legendsr2.gif frame 202
INFO:Encoding 0arcade-legendsr2.gif frame 202
INFO:Encoding 0arcade-legendsr2.gif frame 202
INFO:Encoding 0arcade-legendsr2.gif frame 202
INFO:Encoding 0arcade-legendsr2.gif frame 202
INFO:Encoding 0arcade-legendsr2.gif frame 202
INFO:Encoding 0arcade-legendsr2.gif frame 203
INFO:Encoding 0arcade-legendsr2.gif frame 203
INFO:Encoding 0arcade-legendsr2.gif frame 203
INFO:Encoding 0arcade-legendsr2.gif frame 203
INFO:Encoding 0arcade-legendsr2.gif frame 203
INFO:Encoding 0arcade-legendsr2.gif frame 203
INFO:Encoding 0arcade-legendsr2.gif frame 203
INFO:Encoding 0arcade-legendsr2.gif frame 203
INFO:Encoding 0arcade-legendsr2.gif frame 204
INFO:Encoding 0arcade-legendsr2.gif frame 204
INFO:Encoding 0arcade-legendsr2.gif frame 204
INFO:Encoding 0arcade-legendsr2.gif frame 204
INFO:Encoding 0arcade-legendsr2.gif frame 204
INFO:Encoding 0arcade-legendsr2.gif frame 204
INFO:Encoding 0arcade-legendsr2.gif frame 204
INFO:Encoding 0arcade-legendsr2.gif frame 204
INFO:Encoding 0arcade-legendsr2.gif frame 205
INFO:Encoding 0arcade-legendsr2.gif frame 205
INFO:Encoding 0arcade-legendsr2.gif frame 205
INFO:Encoding 0arcade-legendsr2.gif frame 205
INFO:Encoding 0arcade-legendsr2.gif frame 205
INFO:Encoding 0arcade-legendsr2.gif frame 205
INFO:Encoding 0arcade-legendsr2.gif frame 205
INFO:Encoding 0arcade-legendsr2.gif frame 205
INFO:Encoding 0arcade-legendsr2.gif frame 206
INFO:Encoding 0arcade-legendsr2.gif frame 206
INFO:Encoding 0arcade-legendsr2.gif frame 206
INFO:Encoding 0arcade-legendsr2.gif frame 206
INFO:Encoding 0arcade-legendsr2.gif frame 206
INFO:Encoding 0arcade-legendsr2.gif frame 206
INFO:Encoding 0arcade-legendsr2.gif frame 206
INFO:Encoding 0arcade-legendsr2.gif frame 206
INFO:Encoding 0arcade-legendsr2.gif frame 207
INFO:Encoding 0arcade-legendsr2.gif frame 207
INFO:Encoding 0arcade-legendsr2.gif frame 207
INFO:Encoding 0arcade-legendsr2.gif frame 207
INFO:Encoding 0arcade-legendsr2.gif frame 207
INFO:Encoding 0arcade-legendsr2.gif frame 207
INFO:Encoding 0arcade-legendsr2.gif frame 207
INFO:Encoding 0arcade-legendsr2.gif frame 207
INFO:Encoding 0arcade-legendsr2.gif frame 208
INFO:Encoding 0arcade-legendsr2.gif frame 208
INFO:Encoding 0arcade-legendsr2.gif frame 208
INFO:Encoding 0arcade-legendsr2.gif frame 208
INFO:Encoding 0arcade-legendsr2.gif frame 208
INFO:Encoding 0arcade-legendsr2.gif frame 208
INFO:Encoding 0arcade-legendsr2.gif frame 208
INFO:Encoding 0arcade-legendsr2.gif frame 208
INFO:Encoding 0arcade-legendsr2.gif frame 209
INFO:Encoding 0arcade-legendsr2.gif frame 209
INFO:Encoding 0arcade-legendsr2.gif frame 209
INFO:Encoding 0arcade-legendsr2.gif frame 209
INFO:Encoding 0arcade-legendsr2.gif frame 209
INFO:Encoding 0arcade-legendsr2.gif frame 209
INFO:Encoding 0arcade-legendsr2.gif frame 209
INFO:Encoding 0arcade-legendsr2.gif frame 209
INFO:Encoding 0arcade-legendsr2.gif frame 210
INFO:Encoding 0arcade-legendsr2.gif frame 210
INFO:Encoding 0arcade-legendsr2.gif frame 210
INFO:Encoding 0arcade-legendsr2.gif frame 210
INFO:Encoding 0arcade-legendsr2.gif frame 210
INFO:Encoding 0arcade-legendsr2.gif frame 210
INFO:Encoding 0arcade-legendsr2.gif frame 210
INFO:Encoding 0arcade-legendsr2.gif frame 210
INFO:Encoding 0arcade-legendsr2.gif frame 211
INFO:Encoding 0arcade-legendsr2.gif frame 211
INFO:Encoding 0arcade-legendsr2.gif frame 211
INFO:Encoding 0arcade-legendsr2.gif frame 211
INFO:Encoding 0arcade-legendsr2.gif frame 211
INFO:Encoding 0arcade-legendsr2.gif frame 211
INFO:Encoding 0arcade-legendsr2.gif frame 211
INFO:Encoding 0arcade-legendsr2.gif frame 211
INFO:Encoding 0arcade-legendsr2.gif frame 212
INFO:Encoding 0arcade-legendsr2.gif frame 212
INFO:Encoding 0arcade-legendsr2.gif frame 212
INFO:Encoding 0arcade-legendsr2.gif frame 212
INFO:Encoding 0arcade-legendsr2.gif frame 212
INFO:Encoding 0arcade-legendsr2.gif frame 212
INFO:Encoding 0arcade-legendsr2.gif frame 212
INFO:Encoding 0arcade-legendsr2.gif frame 212
INFO:Encoding 0arcade-legendsr2.gif frame 213
INFO:Encoding 0arcade-legendsr2.gif frame 213
INFO:Encoding 0arcade-legendsr2.gif frame 213
INFO:Encoding 0arcade-legendsr2.gif frame 213
INFO:Encoding 0arcade-legendsr2.gif frame 213
INFO:Encoding 0arcade-legendsr2.gif frame 213
INFO:Encoding 0arcade-legendsr2.gif frame 213
INFO:Encoding 0arcade-legendsr2.gif frame 213
INFO:Encoding 0arcade-legendsr2.gif frame 214
INFO:Encoding 0arcade-legendsr2.gif frame 214
INFO:Encoding 0arcade-legendsr2.gif frame 214
INFO:Encoding 0arcade-legendsr2.gif frame 214
INFO:Encoding 0arcade-legendsr2.gif frame 214
INFO:Encoding 0arcade-legendsr2.gif frame 214
INFO:Encoding 0arcade-legendsr2.gif frame 214
INFO:Encoding 0arcade-legendsr2.gif frame 214
INFO:Encoding 0arcade-legendsr2.gif frame 215
INFO:Encoding 0arcade-legendsr2.gif frame 215
INFO:Encoding 0arcade-legendsr2.gif frame 215
INFO:Encoding 0arcade-legendsr2.gif frame 215
INFO:Encoding 0arcade-legendsr2.gif frame 215
INFO:Encoding 0arcade-legendsr2.gif frame 215
INFO:Encoding 0arcade-legendsr2.gif frame 215
INFO:Encoding 0arcade-legendsr2.gif frame 215
INFO:Encoding 0arcade-legendsr2.gif frame 216
INFO:Encoding 0arcade-legendsr2.gif frame 216
INFO:Encoding 0arcade-legendsr2.gif frame 216
INFO:Encoding 0arcade-legendsr2.gif frame 216
INFO:Encoding 0arcade-legendsr2.gif frame 216
INFO:Encoding 0arcade-legendsr2.gif frame 216
INFO:Encoding 0arcade-legendsr2.gif frame 216
INFO:Encoding 0arcade-legendsr2.gif frame 216
INFO:Encoding 0arcade-legendsr2.gif frame 217
INFO:Encoding 0arcade-legendsr2.gif frame 217
INFO:Encoding 0arcade-legendsr2.gif frame 217
INFO:Encoding 0arcade-legendsr2.gif frame 217
INFO:Encoding 0arcade-legendsr2.gif frame 217
INFO:Encoding 0arcade-legendsr2.gif frame 217
INFO:Encoding 0arcade-legendsr2.gif frame 217
INFO:Encoding 0arcade-legendsr2.gif frame 217
INFO:Encoding 0arcade-legendsr2.gif frame 218
INFO:Encoding 0arcade-legendsr2.gif frame 218
INFO:Encoding 0arcade-legendsr2.gif frame 218
INFO:Encoding 0arcade-legendsr2.gif frame 218
INFO:Encoding 0arcade-legendsr2.gif frame 218
INFO:Encoding 0arcade-legendsr2.gif frame 218
INFO:Encoding 0arcade-legendsr2.gif frame 218
INFO:Encoding 0arcade-legendsr2.gif frame 218
INFO:Encoding 0arcade-legendsr2.gif frame 219
INFO:Encoding 0arcade-legendsr2.gif frame 219
INFO:Encoding 0arcade-legendsr2.gif frame 219
INFO:Encoding 0arcade-legendsr2.gif frame 219
INFO:Encoding 0arcade-legendsr2.gif frame 219
INFO:Encoding 0arcade-legendsr2.gif frame 219
INFO:Encoding 0arcade-legendsr2.gif frame 219
INFO:Encoding 0arcade-legendsr2.gif frame 219
INFO:Encoding 0arcade-legendsr2.gif frame 220
INFO:Encoding 0arcade-legendsr2.gif frame 220
INFO:Encoding 0arcade-legendsr2.gif frame 220
INFO:Encoding 0arcade-legendsr2.gif frame 220
INFO:Encoding 0arcade-legendsr2.gif frame 220
INFO:Encoding 0arcade-legendsr2.gif frame 220
INFO:Encoding 0arcade-legendsr2.gif frame 220
INFO:Encoding 0arcade-legendsr2.gif frame 220
INFO:Encoding 0arcade-legendsr2.gif frame 221
INFO:Encoding 0arcade-legendsr2.gif frame 221
INFO:Encoding 0arcade-legendsr2.gif frame 221
INFO:Encoding 0arcade-legendsr2.gif frame 221
INFO:Encoding 0arcade-legendsr2.gif frame 221
INFO:Encoding 0arcade-legendsr2.gif frame 221
INFO:Encoding 0arcade-legendsr2.gif frame 221
INFO:Encoding 0arcade-legendsr2.gif frame 221
INFO:Encoding 0arcade-legendsr2.gif frame 222
INFO:Encoding 0arcade-legendsr2.gif frame 222
INFO:Encoding 0arcade-legendsr2.gif frame 222
INFO:Encoding 0arcade-legendsr2.gif frame 222
INFO:Encoding 0arcade-legendsr2.gif frame 222
INFO:Encoding 0arcade-legendsr2.gif frame 222
INFO:Encoding 0arcade-legendsr2.gif frame 222
INFO:Encoding 0arcade-legendsr2.gif frame 222
INFO:Encoding 0arcade-legendsr2.gif frame 223
INFO:Encoding 0arcade-legendsr2.gif frame 223
INFO:Encoding 0arcade-legendsr2.gif frame 223
INFO:Encoding 0arcade-legendsr2.gif frame 223
INFO:Encoding 0arcade-legendsr2.gif frame 223
INFO:Encoding 0arcade-legendsr2.gif frame 223
INFO:Encoding 0arcade-legendsr2.gif frame 223
INFO:Encoding 0arcade-legendsr2.gif frame 223
INFO:Encoding 0arcade-legendsr2.gif frame 224
INFO:Encoding 0arcade-legendsr2.gif frame 224
INFO:Encoding 0arcade-legendsr2.gif frame 224
INFO:Encoding 0arcade-legendsr2.gif frame 224
INFO:Encoding 0arcade-legendsr2.gif frame 224
INFO:Encoding 0arcade-legendsr2.gif frame 224
INFO:Encoding 0arcade-legendsr2.gif frame 224
INFO:Encoding 0arcade-legendsr2.gif frame 224
INFO:Encoding 0arcade-legendsr2.gif frame 225
INFO:Encoding 0arcade-legendsr2.gif frame 225
INFO:Encoding 0arcade-legendsr2.gif frame 225
INFO:Encoding 0arcade-legendsr2.gif frame 225
INFO:Encoding 0arcade-legendsr2.gif frame 225
INFO:Encoding 0arcade-legendsr2.gif frame 225
INFO:Encoding 0arcade-legendsr2.gif frame 225
INFO:Encoding 0arcade-legendsr2.gif frame 225
INFO:Encoding 0arcade-legendsr2.gif frame 226
INFO:Encoding 0arcade-legendsr2.gif frame 226
INFO:Encoding 0arcade-legendsr2.gif frame 226
INFO:Encoding 0arcade-legendsr2.gif frame 226
INFO:Encoding 0arcade-legendsr2.gif frame 226
INFO:Encoding 0arcade-legendsr2.gif frame 226
INFO:Encoding 0arcade-legendsr2.gif frame 226
INFO:Encoding 0arcade-legendsr2.gif frame 226
INFO:Encoding 0arcade-legendsr2.gif frame 227
INFO:Encoding 0arcade-legendsr2.gif frame 227
INFO:Encoding 0arcade-legendsr2.gif frame 227
INFO:Encoding 0arcade-legendsr2.gif frame 227
INFO:Encoding 0arcade-legendsr2.gif frame 227
INFO:Encoding 0arcade-legendsr2.gif frame 227
INFO:Encoding 0arcade-legendsr2.gif frame 227
INFO:Encoding 0arcade-legendsr2.gif frame 227
INFO:Encoding 0arcade-legendsr2.gif frame 228
INFO:Encoding 0arcade-legendsr2.gif frame 228
INFO:Encoding 0arcade-legendsr2.gif frame 228
INFO:Encoding 0arcade-legendsr2.gif frame 228
INFO:Encoding 0arcade-legendsr2.gif frame 228
INFO:Encoding 0arcade-legendsr2.gif frame 228
INFO:Encoding 0arcade-legendsr2.gif frame 228
INFO:Encoding 0arcade-legendsr2.gif frame 228
INFO:Encoding 0arcade-legendsr2.gif frame 229
INFO:Encoding 0arcade-legendsr2.gif frame 229
INFO:Encoding 0arcade-legendsr2.gif frame 229
INFO:Encoding 0arcade-legendsr2.gif frame 229
INFO:Encoding 0arcade-legendsr2.gif frame 229
INFO:Encoding 0arcade-legendsr2.gif frame 229
INFO:Encoding 0arcade-legendsr2.gif frame 229
INFO:Encoding 0arcade-legendsr2.gif frame 229
INFO:Encoding 0arcade-legendsr2.gif frame 230
INFO:Encoding 0arcade-legendsr2.gif frame 230
INFO:Encoding 0arcade-legendsr2.gif frame 230
INFO:Encoding 0arcade-legendsr2.gif frame 230
INFO:Encoding 0arcade-legendsr2.gif frame 230
INFO:Encoding 0arcade-legendsr2.gif frame 230
INFO:Encoding 0arcade-legendsr2.gif frame 230
INFO:Encoding 0arcade-legendsr2.gif frame 230
INFO:Encoding 0arcade-legendsr2.gif frame 231
INFO:Encoding 0arcade-legendsr2.gif frame 231
INFO:Encoding 0arcade-legendsr2.gif frame 231
INFO:Encoding 0arcade-legendsr2.gif frame 231
INFO:Encoding 0arcade-legendsr2.gif frame 231
INFO:Encoding 0arcade-legendsr2.gif frame 231
INFO:Encoding 0arcade-legendsr2.gif frame 231
INFO:Encoding 0arcade-legendsr2.gif frame 231
INFO:Encoding 0arcade-legendsr2.gif frame 232
INFO:Encoding 0arcade-legendsr2.gif frame 232
INFO:Encoding 0arcade-legendsr2.gif frame 232
INFO:Encoding 0arcade-legendsr2.gif frame 232
INFO:Encoding 0arcade-legendsr2.gif frame 232
INFO:Encoding 0arcade-legendsr2.gif frame 232
INFO:Encoding 0arcade-legendsr2.gif frame 232
INFO:Encoding 0arcade-legendsr2.gif frame 232
INFO:Encoding 0arcade-legendsr2.gif frame 233
INFO:Encoding 0arcade-legendsr2.gif frame 233
INFO:Encoding 0arcade-legendsr2.gif frame 233
INFO:Encoding 0arcade-legendsr2.gif frame 233
INFO:Encoding 0arcade-legendsr2.gif frame 233
INFO:Encoding 0arcade-legendsr2.gif frame 233
INFO:Encoding 0arcade-legendsr2.gif frame 233
INFO:Encoding 0arcade-legendsr2.gif frame 233
INFO:Encoding 0arcade-legendsr2.gif frame 234
INFO:Encoding 0arcade-legendsr2.gif frame 234
INFO:Encoding 0arcade-legendsr2.gif frame 234
INFO:Encoding 0arcade-legendsr2.gif frame 234
INFO:Encoding 0arcade-legendsr2.gif frame 234
INFO:Encoding 0arcade-legendsr2.gif frame 234
INFO:Encoding 0arcade-legendsr2.gif frame 234
INFO:Encoding 0arcade-legendsr2.gif frame 234
INFO:Encoding 0arcade-legendsr2.gif frame 235
INFO:Encoding 0arcade-legendsr2.gif frame 235
INFO:Encoding 0arcade-legendsr2.gif frame 235
INFO:Encoding 0arcade-legendsr2.gif frame 235
INFO:Encoding 0arcade-legendsr2.gif frame 235
INFO:Encoding 0arcade-legendsr2.gif frame 235
INFO:Encoding 0arcade-legendsr2.gif frame 235
INFO:Encoding 0arcade-legendsr2.gif frame 235
INFO:Encoding 0arcade-legendsr2.gif frame 236
INFO:Encoding 0arcade-legendsr2.gif frame 236
INFO:Encoding 0arcade-legendsr2.gif frame 236
INFO:Encoding 0arcade-legendsr2.gif frame 236
INFO:Encoding 0arcade-legendsr2.gif frame 236
INFO:Encoding 0arcade-legendsr2.gif frame 236
INFO:Encoding 0arcade-legendsr2.gif frame 236
INFO:Encoding 0arcade-legendsr2.gif frame 236
INFO:Encoding 0arcade-legendsr2.gif frame 237
INFO:Encoding 0arcade-legendsr2.gif frame 237
INFO:Encoding 0arcade-legendsr2.gif frame 237
INFO:Encoding 0arcade-legendsr2.gif frame 237
INFO:Encoding 0arcade-legendsr2.gif frame 237
INFO:Encoding 0arcade-legendsr2.gif frame 237
INFO:Encoding 0arcade-legendsr2.gif frame 237
INFO:Encoding 0arcade-legendsr2.gif frame 237
INFO:Smallest Frame Delay: 100
INFO:Total Original Frames: 238
INFO:Total New Frames: 1904
INFO:GIF Width: 128, GIF Height: 32
